{"/root/isina/api/src/db.js": {"path":"/root/isina/api/src/db.js","statementMap":{"0":{"start":{"line":1,"column":24},"end":{"line":1,"column":42}},"1":{"start":{"line":3,"column":18},"end":{"line":3,"column":55}},"2":{"start":{"line":5,"column":20},"end":{"line":14,"column":1}},"3":{"start":{"line":6,"column":1},"end":{"line":13,"column":2}},"4":{"start":{"line":7,"column":13},"end":{"line":7,"column":49}},"5":{"start":{"line":8,"column":2},"end":{"line":8,"column":46}},"6":{"start":{"line":10,"column":2},"end":{"line":10,"column":12}},"7":{"start":{"line":12,"column":2},"end":{"line":12,"column":10}},"8":{"start":{"line":16,"column":0},"end":{"line":16,"column":29}}},"fnMap":{"0":{"name":"(anonymous_0)","decl":{"start":{"line":5,"column":20},"end":{"line":5,"column":21}},"loc":{"start":{"line":5,"column":32},"end":{"line":14,"column":1}},"line":5}},"branchMap":{},"s":{"0":1,"1":1,"2":1,"3":1,"4":1,"5":1,"6":1,"7":0,"8":1},"f":{"0":1},"b":{},"_coverageSchema":"332fd63041d2c1bcb487cc26dd0d5f7d97098a6c","hash":"f5e877b7031ebec4876ed9ea88cb1292f2078b29"}
,"/root/isina/api/src/schema.js": {"path":"/root/isina/api/src/schema.js","statementMap":{"0":{"start":{"line":1,"column":25},"end":{"line":1,"column":52}},"1":{"start":{"line":10,"column":15},"end":{"line":10,"column":413}},"2":{"start":{"line":34,"column":16},"end":{"line":42,"column":36}},"3":{"start":{"line":46,"column":0},"end":{"line":48,"column":24}}},"fnMap":{},"branchMap":{},"s":{"0":0,"1":0,"2":0,"3":0},"f":{},"b":{}}
,"/root/isina/api/src/resolvers/user/index.js": {"path":"/root/isina/api/src/resolvers/user/index.js","statementMap":{"0":{"start":{"line":6,"column":14},"end":{"line":6,"column":47}},"1":{"start":{"line":11,"column":21},"end":{"line":13,"column":1}},"2":{"start":{"line":12,"column":1},"end":{"line":12,"column":37}},"3":{"start":{"line":15,"column":20},"end":{"line":17,"column":1}},"4":{"start":{"line":16,"column":1},"end":{"line":16,"column":43}},"5":{"start":{"line":22,"column":26},"end":{"line":38,"column":1}},"6":{"start":{"line":23,"column":1},"end":{"line":25,"column":2}},"7":{"start":{"line":24,"column":2},"end":{"line":24,"column":24}},"8":{"start":{"line":27,"column":1},"end":{"line":29,"column":2}},"9":{"start":{"line":28,"column":2},"end":{"line":28,"column":21}},"10":{"start":{"line":31,"column":22},"end":{"line":31,"column":60}},"11":{"start":{"line":33,"column":1},"end":{"line":35,"column":2}},"12":{"start":{"line":34,"column":2},"end":{"line":34,"column":30}},"13":{"start":{"line":37,"column":1},"end":{"line":37,"column":59}},"14":{"start":{"line":40,"column":24},"end":{"line":65,"column":1}},"15":{"start":{"line":41,"column":20},"end":{"line":41,"column":54}},"16":{"start":{"line":43,"column":1},"end":{"line":45,"column":2}},"17":{"start":{"line":44,"column":2},"end":{"line":44,"column":25}},"18":{"start":{"line":47,"column":1},"end":{"line":49,"column":2}},"19":{"start":{"line":48,"column":2},"end":{"line":48,"column":24}},"20":{"start":{"line":51,"column":1},"end":{"line":53,"column":2}},"21":{"start":{"line":52,"column":2},"end":{"line":52,"column":37}},"22":{"start":{"line":55,"column":22},"end":{"line":58,"column":2}},"23":{"start":{"line":60,"column":1},"end":{"line":62,"column":2}},"24":{"start":{"line":61,"column":2},"end":{"line":61,"column":28}},"25":{"start":{"line":64,"column":1},"end":{"line":64,"column":34}},"26":{"start":{"line":67,"column":27},"end":{"line":81,"column":1}},"27":{"start":{"line":68,"column":15},"end":{"line":70,"column":9}},"28":{"start":{"line":72,"column":1},"end":{"line":72,"column":43}},"29":{"start":{"line":72,"column":29},"end":{"line":72,"column":41}},"30":{"start":{"line":74,"column":22},"end":{"line":74,"column":71}},"31":{"start":{"line":76,"column":1},"end":{"line":78,"column":2}},"32":{"start":{"line":77,"column":2},"end":{"line":77,"column":28}},"33":{"start":{"line":80,"column":1},"end":{"line":80,"column":13}}},"fnMap":{"0":{"name":"(anonymous_0)","decl":{"start":{"line":11,"column":21},"end":{"line":11,"column":22}},"loc":{"start":{"line":11,"column":33},"end":{"line":13,"column":1}},"line":11},"1":{"name":"(anonymous_1)","decl":{"start":{"line":15,"column":20},"end":{"line":15,"column":21}},"loc":{"start":{"line":15,"column":45},"end":{"line":17,"column":1}},"line":15},"2":{"name":"(anonymous_2)","decl":{"start":{"line":22,"column":26},"end":{"line":22,"column":27}},"loc":{"start":{"line":22,"column":74},"end":{"line":38,"column":1}},"line":22},"3":{"name":"(anonymous_3)","decl":{"start":{"line":40,"column":24},"end":{"line":40,"column":25}},"loc":{"start":{"line":40,"column":62},"end":{"line":65,"column":1}},"line":40},"4":{"name":"(anonymous_4)","decl":{"start":{"line":67,"column":27},"end":{"line":67,"column":28}},"loc":{"start":{"line":67,"column":52},"end":{"line":81,"column":1}},"line":67},"5":{"name":"(anonymous_5)","decl":{"start":{"line":72,"column":23},"end":{"line":72,"column":24}},"loc":{"start":{"line":72,"column":29},"end":{"line":72,"column":41}},"line":72}},"branchMap":{"0":{"loc":{"start":{"line":23,"column":1},"end":{"line":25,"column":2}},"type":"if","locations":[{"start":{"line":23,"column":1},"end":{"line":25,"column":2}},{"start":{"line":23,"column":1},"end":{"line":25,"column":2}}],"line":23},"1":{"loc":{"start":{"line":27,"column":1},"end":{"line":29,"column":2}},"type":"if","locations":[{"start":{"line":27,"column":1},"end":{"line":29,"column":2}},{"start":{"line":27,"column":1},"end":{"line":29,"column":2}}],"line":27},"2":{"loc":{"start":{"line":33,"column":1},"end":{"line":35,"column":2}},"type":"if","locations":[{"start":{"line":33,"column":1},"end":{"line":35,"column":2}},{"start":{"line":33,"column":1},"end":{"line":35,"column":2}}],"line":33},"3":{"loc":{"start":{"line":43,"column":1},"end":{"line":45,"column":2}},"type":"if","locations":[{"start":{"line":43,"column":1},"end":{"line":45,"column":2}},{"start":{"line":43,"column":1},"end":{"line":45,"column":2}}],"line":43},"4":{"loc":{"start":{"line":47,"column":1},"end":{"line":49,"column":2}},"type":"if","locations":[{"start":{"line":47,"column":1},"end":{"line":49,"column":2}},{"start":{"line":47,"column":1},"end":{"line":49,"column":2}}],"line":47},"5":{"loc":{"start":{"line":47,"column":5},"end":{"line":47,"column":29}},"type":"binary-expr","locations":[{"start":{"line":47,"column":5},"end":{"line":47,"column":10}},{"start":{"line":47,"column":14},"end":{"line":47,"column":29}}],"line":47},"6":{"loc":{"start":{"line":51,"column":1},"end":{"line":53,"column":2}},"type":"if","locations":[{"start":{"line":51,"column":1},"end":{"line":53,"column":2}},{"start":{"line":51,"column":1},"end":{"line":53,"column":2}}],"line":51},"7":{"loc":{"start":{"line":51,"column":5},"end":{"line":51,"column":59}},"type":"binary-expr","locations":[{"start":{"line":51,"column":5},"end":{"line":51,"column":31}},{"start":{"line":51,"column":35},"end":{"line":51,"column":59}}],"line":51},"8":{"loc":{"start":{"line":60,"column":1},"end":{"line":62,"column":2}},"type":"if","locations":[{"start":{"line":60,"column":1},"end":{"line":62,"column":2}},{"start":{"line":60,"column":1},"end":{"line":62,"column":2}}],"line":60},"9":{"loc":{"start":{"line":68,"column":15},"end":{"line":70,"column":9}},"type":"cond-expr","locations":[{"start":{"line":69,"column":4},"end":{"line":69,"column":7}},{"start":{"line":70,"column":4},"end":{"line":70,"column":9}}],"line":68},"10":{"loc":{"start":{"line":76,"column":1},"end":{"line":78,"column":2}},"type":"if","locations":[{"start":{"line":76,"column":1},"end":{"line":78,"column":2}},{"start":{"line":76,"column":1},"end":{"line":78,"column":2}}],"line":76}},"s":{"0":1,"1":1,"2":0,"3":1,"4":1,"5":1,"6":0,"7":0,"8":0,"9":0,"10":0,"11":0,"12":0,"13":0,"14":1,"15":0,"16":0,"17":0,"18":0,"19":0,"20":0,"21":0,"22":0,"23":0,"24":0,"25":0,"26":1,"27":0,"28":0,"29":0,"30":0,"31":0,"32":0,"33":0},"f":{"0":0,"1":1,"2":0,"3":0,"4":0,"5":0},"b":{"0":[0,0],"1":[0,0],"2":[0,0],"3":[0,0],"4":[0,0],"5":[0,0],"6":[0,0],"7":[0,0],"8":[0,0],"9":[0,0],"10":[0,0]},"_coverageSchema":"332fd63041d2c1bcb487cc26dd0d5f7d97098a6c","hash":"00b4abd72963b46c6c27e1deebc96afe8503c91a"}
,"/root/isina/api/src/resolvers/user/utils.js": {"path":"/root/isina/api/src/resolvers/user/utils.js","statementMap":{"0":{"start":{"line":1,"column":14},"end":{"line":1,"column":47}},"1":{"start":{"line":3,"column":27},"end":{"line":5,"column":1}},"2":{"start":{"line":4,"column":1},"end":{"line":4,"column":39}}},"fnMap":{"0":{"name":"(anonymous_0)","decl":{"start":{"line":3,"column":27},"end":{"line":3,"column":28}},"loc":{"start":{"line":3,"column":44},"end":{"line":5,"column":1}},"line":3}},"branchMap":{},"s":{"0":1,"1":1,"2":0},"f":{"0":0},"b":{},"_coverageSchema":"332fd63041d2c1bcb487cc26dd0d5f7d97098a6c","hash":"808edf20a5e3ae4902a7a49969f07ff7864d1337"}
}
