{"/root/isina/client/src/client.js": {"path":"/root/isina/client/src/client.js","statementMap":{"0":{"start":{"line":1,"column":13},"end":{"line":1,"column":75}},"1":{"start":{"line":1,"column":95},"end":{"line":1,"column":119}},"2":{"start":{"line":2,"column":22},"end":{"line":2,"column":49}},"3":{"start":{"line":3,"column":27},"end":{"line":3,"column":59}},"4":{"start":{"line":4,"column":23},"end":{"line":4,"column":51}},"5":{"start":{"line":5,"column":18},"end":{"line":5,"column":40}},"6":{"start":{"line":6,"column":14},"end":{"line":6,"column":31}},"7":{"start":{"line":6,"column":47},"end":{"line":6,"column":78}},"8":{"start":{"line":8,"column":15},"end":{"line":8,"column":52}},"9":{"start":{"line":9,"column":16},"end":{"line":9,"column":49}},"10":{"start":{"line":11,"column":22},"end":{"line":11,"column":53}},"11":{"start":{"line":11,"column":77},"end":{"line":11,"column":116}},"12":{"start":{"line":11,"column":155},"end":{"line":11,"column":209}},"13":{"start":{"line":13,"column":16},"end":{"line":31,"column":2}},"14":{"start":{"line":13,"column":82},"end":{"line":13,"column":99}},"15":{"start":{"line":13,"column":116},"end":{"line":13,"column":134}},"16":{"start":{"line":14,"column":1},"end":{"line":22,"column":2}},"17":{"start":{"line":15,"column":2},"end":{"line":21,"column":5}},"18":{"start":{"line":15,"column":52},"end":{"line":15,"column":65}},"19":{"start":{"line":15,"column":78},"end":{"line":15,"column":93}},"20":{"start":{"line":15,"column":101},"end":{"line":15,"column":111}},"21":{"start":{"line":16,"column":12},"end":{"line":16,"column":35}},"22":{"start":{"line":17,"column":3},"end":{"line":19,"column":56}},"23":{"start":{"line":24,"column":1},"end":{"line":30,"column":2}},"24":{"start":{"line":25,"column":11},"end":{"line":25,"column":34}},"25":{"start":{"line":26,"column":2},"end":{"line":28,"column":48}},"26":{"start":{"line":33,"column":15},"end":{"line":33,"column":85}},"27":{"start":{"line":35,"column":11},"end":{"line":37,"column":10}},"28":{"start":{"line":40,"column":13},"end":{"line":42,"column":51}},"29":{"start":{"line":42,"column":52},"end":{"line":45,"column":7}}},"fnMap":{"0":{"name":"_interopRequireDefault","decl":{"start":{"line":11,"column":126},"end":{"line":11,"column":148}},"loc":{"start":{"line":11,"column":154},"end":{"line":11,"column":210}},"line":11},"1":{"name":"(anonymous_1)","decl":{"start":{"line":13,"column":46},"end":{"line":13,"column":47}},"loc":{"start":{"line":13,"column":62},"end":{"line":31,"column":1}},"line":13},"2":{"name":"(anonymous_2)","decl":{"start":{"line":15,"column":20},"end":{"line":15,"column":21}},"loc":{"start":{"line":15,"column":37},"end":{"line":21,"column":3}},"line":15}},"branchMap":{"0":{"loc":{"start":{"line":11,"column":162},"end":{"line":11,"column":208}},"type":"cond-expr","locations":[{"start":{"line":11,"column":186},"end":{"line":11,"column":189}},{"start":{"line":11,"column":192},"end":{"line":11,"column":208}}],"line":11},"1":{"loc":{"start":{"line":11,"column":162},"end":{"line":11,"column":183}},"type":"binary-expr","locations":[{"start":{"line":11,"column":162},"end":{"line":11,"column":165}},{"start":{"line":11,"column":169},"end":{"line":11,"column":183}}],"line":11},"2":{"loc":{"start":{"line":14,"column":1},"end":{"line":22,"column":2}},"type":"if","locations":[{"start":{"line":14,"column":1},"end":{"line":22,"column":2}},{"start":{"line":14,"column":1},"end":{"line":22,"column":2}}],"line":14},"3":{"loc":{"start":{"line":24,"column":1},"end":{"line":30,"column":2}},"type":"if","locations":[{"start":{"line":24,"column":1},"end":{"line":30,"column":2}},{"start":{"line":24,"column":1},"end":{"line":30,"column":2}}],"line":24}},"s":{"0":0,"1":0,"2":0,"3":0,"4":0,"5":0,"6":0,"7":0,"8":0,"9":0,"10":0,"11":0,"12":0,"13":0,"14":0,"15":0,"16":0,"17":0,"18":0,"19":0,"20":0,"21":0,"22":0,"23":0,"24":0,"25":0,"26":0,"27":0,"28":0,"29":0},"f":{"0":0,"1":0,"2":0},"b":{"0":[0,0],"1":[0,0],"2":[0,0],"3":[0,0]}}
,"/root/isina/client/src/constants.js": {"path":"/root/isina/client/src/constants.js","statementMap":{},"fnMap":{},"branchMap":{},"s":{},"f":{},"b":{}}
,"/root/isina/client/src/query.js": {"path":"/root/isina/client/src/query.js","statementMap":{"0":{"start":{"line":1,"column":13},"end":{"line":1,"column":75}},"1":{"start":{"line":1,"column":75},"end":{"line":1,"column":208}},"2":{"start":{"line":1,"column":230},"end":{"line":1,"column":430}},"3":{"start":{"line":1,"column":450},"end":{"line":1,"column":692}},"4":{"start":{"line":1,"column":712},"end":{"line":1,"column":1070}},"5":{"start":{"line":1,"column":1090},"end":{"line":1,"column":1492}},"6":{"start":{"line":1,"column":1512},"end":{"line":1,"column":1766}},"7":{"start":{"line":1,"column":1785},"end":{"line":1,"column":1807}},"8":{"start":{"line":1,"column":1827},"end":{"line":1,"column":1862}},"9":{"start":{"line":1,"column":1901},"end":{"line":1,"column":1955}},"10":{"start":{"line":1,"column":2003},"end":{"line":1,"column":2098}},"11":{"start":{"line":3,"column":21},"end":{"line":3,"column":88}},"12":{"start":{"line":13,"column":16},"end":{"line":13,"column":79}},"13":{"start":{"line":23,"column":19},"end":{"line":23,"column":85}},"14":{"start":{"line":33,"column":20},"end":{"line":33,"column":87}},"15":{"start":{"line":43,"column":27},"end":{"line":43,"column":101}}},"fnMap":{"0":{"name":"_interopRequireDefault","decl":{"start":{"line":1,"column":1872},"end":{"line":1,"column":1894}},"loc":{"start":{"line":1,"column":1900},"end":{"line":1,"column":1956}},"line":1},"1":{"name":"_taggedTemplateLiteral","decl":{"start":{"line":1,"column":1965},"end":{"line":1,"column":1987}},"loc":{"start":{"line":1,"column":2002},"end":{"line":1,"column":2099}},"line":1}},"branchMap":{"0":{"loc":{"start":{"line":1,"column":1908},"end":{"line":1,"column":1954}},"type":"cond-expr","locations":[{"start":{"line":1,"column":1932},"end":{"line":1,"column":1935}},{"start":{"line":1,"column":1938},"end":{"line":1,"column":1954}}],"line":1},"1":{"loc":{"start":{"line":1,"column":1908},"end":{"line":1,"column":1929}},"type":"binary-expr","locations":[{"start":{"line":1,"column":1908},"end":{"line":1,"column":1911}},{"start":{"line":1,"column":1915},"end":{"line":1,"column":1929}}],"line":1}},"s":{"0":0,"1":0,"2":0,"3":0,"4":0,"5":0,"6":0,"7":0,"8":0,"9":0,"10":0,"11":0,"12":0,"13":0,"14":0,"15":0},"f":{"0":0,"1":0},"b":{"0":[0,0],"1":[0,0]}}
,"/root/isina/client/src/app/asyncRoute.js": {"path":"/root/isina/client/src/app/asyncRoute.js","statementMap":{"0":{"start":{"line":1,"column":13},"end":{"line":1,"column":75}},"1":{"start":{"line":1,"column":94},"end":{"line":1,"column":623}},"2":{"start":{"line":1,"column":149},"end":{"line":1,"column":414}},"3":{"start":{"line":1,"column":206},"end":{"line":1,"column":214}},"4":{"start":{"line":1,"column":215},"end":{"line":1,"column":270}},"5":{"start":{"line":1,"column":270},"end":{"line":1,"column":301}},"6":{"start":{"line":1,"column":301},"end":{"line":1,"column":355}},"7":{"start":{"line":1,"column":328},"end":{"line":1,"column":355}},"8":{"start":{"line":1,"column":355},"end":{"line":1,"column":413}},"9":{"start":{"line":1,"column":415},"end":{"line":1,"column":620}},"10":{"start":{"line":1,"column":471},"end":{"line":1,"column":539}},"11":{"start":{"line":1,"column":487},"end":{"line":1,"column":539}},"12":{"start":{"line":1,"column":539},"end":{"line":1,"column":599}},"13":{"start":{"line":1,"column":556},"end":{"line":1,"column":599}},"14":{"start":{"line":1,"column":599},"end":{"line":1,"column":618}},"15":{"start":{"line":1,"column":624},"end":{"line":6,"column":11}},"16":{"start":{"line":6,"column":24},"end":{"line":6,"column":40}},"17":{"start":{"line":6,"column":55},"end":{"line":6,"column":85}},"18":{"start":{"line":6,"column":102},"end":{"line":6,"column":133}},"19":{"start":{"line":6,"column":172},"end":{"line":6,"column":226}},"20":{"start":{"line":6,"column":276},"end":{"line":6,"column":375}},"21":{"start":{"line":6,"column":317},"end":{"line":6,"column":374}},"22":{"start":{"line":6,"column":425},"end":{"line":6,"column":524}},"23":{"start":{"line":6,"column":437},"end":{"line":6,"column":523}},"24":{"start":{"line":6,"column":524},"end":{"line":6,"column":610}},"25":{"start":{"line":6,"column":653},"end":{"line":6,"column":816}},"26":{"start":{"line":6,"column":715},"end":{"line":6,"column":815}},"27":{"start":{"line":6,"column":816},"end":{"line":6,"column":980}},"28":{"start":{"line":6,"column":980},"end":{"line":6,"column":1098}},"29":{"start":{"line":6,"column":996},"end":{"line":6,"column":1098}},"30":{"start":{"line":6,"column":1124},"end":{"line":6,"column":1194}},"31":{"start":{"line":6,"column":1161},"end":{"line":6,"column":1193}},"32":{"start":{"line":7,"column":1},"end":{"line":31,"column":56}},"33":{"start":{"line":7,"column":37},"end":{"line":7,"column":77}},"34":{"start":{"line":7,"column":132},"end":{"line":7,"column":166}},"35":{"start":{"line":7,"column":166},"end":{"line":7,"column":282}},"36":{"start":{"line":7,"column":252},"end":{"line":7,"column":281}},"37":{"start":{"line":7,"column":282},"end":{"line":9,"column":71}},"38":{"start":{"line":9,"column":72},"end":{"line":31,"column":9}},"39":{"start":{"line":12,"column":17},"end":{"line":12,"column":21}},"40":{"start":{"line":13,"column":4},"end":{"line":22,"column":5}},"41":{"start":{"line":14,"column":5},"end":{"line":21,"column":8}},"42":{"start":{"line":17,"column":6},"end":{"line":19,"column":30}},"43":{"start":{"line":17,"column":35},"end":{"line":19,"column":27}},"44":{"start":{"line":26,"column":16},"end":{"line":26,"column":36}},"45":{"start":{"line":28,"column":4},"end":{"line":30,"column":68}},"46":{"start":{"line":31,"column":9},"end":{"line":31,"column":27}}},"fnMap":{"0":{"name":"(anonymous_0)","decl":{"start":{"line":1,"column":94},"end":{"line":1,"column":95}},"loc":{"start":{"line":1,"column":106},"end":{"line":1,"column":621}},"line":1},"1":{"name":"defineProperties","decl":{"start":{"line":1,"column":116},"end":{"line":1,"column":132}},"loc":{"start":{"line":1,"column":148},"end":{"line":1,"column":415}},"line":1},"2":{"name":"(anonymous_2)","decl":{"start":{"line":1,"column":422},"end":{"line":1,"column":423}},"loc":{"start":{"line":1,"column":470},"end":{"line":1,"column":619}},"line":1},"3":{"name":"_interopRequireDefault","decl":{"start":{"line":6,"column":143},"end":{"line":6,"column":165}},"loc":{"start":{"line":6,"column":171},"end":{"line":6,"column":227}},"line":6},"4":{"name":"_classCallCheck","decl":{"start":{"line":6,"column":236},"end":{"line":6,"column":251}},"loc":{"start":{"line":6,"column":275},"end":{"line":6,"column":376}},"line":6},"5":{"name":"_possibleConstructorReturn","decl":{"start":{"line":6,"column":385},"end":{"line":6,"column":411}},"loc":{"start":{"line":6,"column":424},"end":{"line":6,"column":611}},"line":6},"6":{"name":"_inherits","decl":{"start":{"line":6,"column":620},"end":{"line":6,"column":629}},"loc":{"start":{"line":6,"column":652},"end":{"line":6,"column":1099}},"line":6},"7":{"name":"moduleDefautExport","decl":{"start":{"line":6,"column":1133},"end":{"line":6,"column":1151}},"loc":{"start":{"line":6,"column":1160},"end":{"line":6,"column":1194}},"line":6},"8":{"name":"asyncRoute","decl":{"start":{"line":6,"column":1204},"end":{"line":6,"column":1214}},"loc":{"start":{"line":6,"column":1229},"end":{"line":33,"column":1}},"line":6},"9":{"name":"(anonymous_9)","decl":{"start":{"line":7,"column":8},"end":{"line":7,"column":9}},"loc":{"start":{"line":7,"column":36},"end":{"line":31,"column":28}},"line":7},"10":{"name":"AsyncRoute","decl":{"start":{"line":7,"column":86},"end":{"line":7,"column":96}},"loc":{"start":{"line":7,"column":99},"end":{"line":9,"column":72}},"line":7},"11":{"name":"componentWillMount","decl":{"start":{"line":9,"column":143},"end":{"line":9,"column":161}},"loc":{"start":{"line":12,"column":3},"end":{"line":23,"column":4}},"line":12},"12":{"name":"(anonymous_12)","decl":{"start":{"line":16,"column":10},"end":{"line":16,"column":11}},"loc":{"start":{"line":16,"column":31},"end":{"line":21,"column":6}},"line":16},"13":{"name":"(anonymous_13)","decl":{"start":{"line":17,"column":22},"end":{"line":17,"column":23}},"loc":{"start":{"line":17,"column":34},"end":{"line":19,"column":28}},"line":17},"14":{"name":"render","decl":{"start":{"line":23,"column":41},"end":{"line":23,"column":47}},"loc":{"start":{"line":25,"column":3},"end":{"line":31,"column":4}},"line":25}},"branchMap":{"0":{"loc":{"start":{"line":1,"column":239},"end":{"line":1,"column":269}},"type":"binary-expr","locations":[{"start":{"line":1,"column":239},"end":{"line":1,"column":260}},{"start":{"line":1,"column":264},"end":{"line":1,"column":269}}],"line":1},"1":{"loc":{"start":{"line":1,"column":301},"end":{"line":1,"column":355}},"type":"if","locations":[{"start":{"line":1,"column":301},"end":{"line":1,"column":355}},{"start":{"line":1,"column":301},"end":{"line":1,"column":355}}],"line":1},"2":{"loc":{"start":{"line":1,"column":471},"end":{"line":1,"column":539}},"type":"if","locations":[{"start":{"line":1,"column":471},"end":{"line":1,"column":539}},{"start":{"line":1,"column":471},"end":{"line":1,"column":539}}],"line":1},"3":{"loc":{"start":{"line":1,"column":539},"end":{"line":1,"column":599}},"type":"if","locations":[{"start":{"line":1,"column":539},"end":{"line":1,"column":599}},{"start":{"line":1,"column":539},"end":{"line":1,"column":599}}],"line":1},"4":{"loc":{"start":{"line":6,"column":179},"end":{"line":6,"column":225}},"type":"cond-expr","locations":[{"start":{"line":6,"column":203},"end":{"line":6,"column":206}},{"start":{"line":6,"column":209},"end":{"line":6,"column":225}}],"line":6},"5":{"loc":{"start":{"line":6,"column":179},"end":{"line":6,"column":200}},"type":"binary-expr","locations":[{"start":{"line":6,"column":179},"end":{"line":6,"column":182}},{"start":{"line":6,"column":186},"end":{"line":6,"column":200}}],"line":6},"6":{"loc":{"start":{"line":6,"column":276},"end":{"line":6,"column":375}},"type":"if","locations":[{"start":{"line":6,"column":276},"end":{"line":6,"column":375}},{"start":{"line":6,"column":276},"end":{"line":6,"column":375}}],"line":6},"7":{"loc":{"start":{"line":6,"column":425},"end":{"line":6,"column":524}},"type":"if","locations":[{"start":{"line":6,"column":425},"end":{"line":6,"column":524}},{"start":{"line":6,"column":425},"end":{"line":6,"column":524}}],"line":6},"8":{"loc":{"start":{"line":6,"column":531},"end":{"line":6,"column":609}},"type":"cond-expr","locations":[{"start":{"line":6,"column":598},"end":{"line":6,"column":602}},{"start":{"line":6,"column":605},"end":{"line":6,"column":609}}],"line":6},"9":{"loc":{"start":{"line":6,"column":531},"end":{"line":6,"column":595}},"type":"binary-expr","locations":[{"start":{"line":6,"column":531},"end":{"line":6,"column":535}},{"start":{"line":6,"column":540},"end":{"line":6,"column":564}},{"start":{"line":6,"column":568},"end":{"line":6,"column":594}}],"line":6},"10":{"loc":{"start":{"line":6,"column":653},"end":{"line":6,"column":816}},"type":"if","locations":[{"start":{"line":6,"column":653},"end":{"line":6,"column":816}},{"start":{"line":6,"column":653},"end":{"line":6,"column":816}}],"line":6},"11":{"loc":{"start":{"line":6,"column":657},"end":{"line":6,"column":712}},"type":"binary-expr","locations":[{"start":{"line":6,"column":657},"end":{"line":6,"column":689}},{"start":{"line":6,"column":693},"end":{"line":6,"column":712}}],"line":6},"12":{"loc":{"start":{"line":6,"column":851},"end":{"line":6,"column":885}},"type":"binary-expr","locations":[{"start":{"line":6,"column":851},"end":{"line":6,"column":861}},{"start":{"line":6,"column":865},"end":{"line":6,"column":885}}],"line":6},"13":{"loc":{"start":{"line":6,"column":980},"end":{"line":6,"column":1098}},"type":"if","locations":[{"start":{"line":6,"column":980},"end":{"line":6,"column":1098}},{"start":{"line":6,"column":980},"end":{"line":6,"column":1098}}],"line":6},"14":{"loc":{"start":{"line":6,"column":996},"end":{"line":6,"column":1097}},"type":"cond-expr","locations":[{"start":{"line":6,"column":1020},"end":{"line":6,"column":1063}},{"start":{"line":6,"column":1066},"end":{"line":6,"column":1097}}],"line":6},"15":{"loc":{"start":{"line":6,"column":1168},"end":{"line":6,"column":1192}},"type":"binary-expr","locations":[{"start":{"line":6,"column":1168},"end":{"line":6,"column":1182}},{"start":{"line":6,"column":1186},"end":{"line":6,"column":1192}}],"line":6},"16":{"loc":{"start":{"line":7,"column":355},"end":{"line":7,"column":412}},"type":"binary-expr","locations":[{"start":{"line":7,"column":355},"end":{"line":7,"column":375}},{"start":{"line":7,"column":379},"end":{"line":7,"column":412}}],"line":7},"17":{"loc":{"start":{"line":13,"column":4},"end":{"line":22,"column":5}},"type":"if","locations":[{"start":{"line":13,"column":4},"end":{"line":22,"column":5}},{"start":{"line":13,"column":4},"end":{"line":22,"column":5}}],"line":13},"18":{"loc":{"start":{"line":28,"column":11},"end":{"line":30,"column":67}},"type":"cond-expr","locations":[{"start":{"line":29,"column":4},"end":{"line":29,"column":56}},{"start":{"line":30,"column":4},"end":{"line":30,"column":67}}],"line":28}},"s":{"0":0,"1":0,"2":0,"3":0,"4":0,"5":0,"6":0,"7":0,"8":0,"9":0,"10":0,"11":0,"12":0,"13":0,"14":0,"15":0,"16":0,"17":0,"18":0,"19":0,"20":0,"21":0,"22":0,"23":0,"24":0,"25":0,"26":0,"27":0,"28":0,"29":0,"30":0,"31":0,"32":0,"33":0,"34":0,"35":0,"36":0,"37":0,"38":0,"39":0,"40":0,"41":0,"42":0,"43":0,"44":0,"45":0,"46":0},"f":{"0":0,"1":0,"2":0,"3":0,"4":0,"5":0,"6":0,"7":0,"8":0,"9":0,"10":0,"11":0,"12":0,"13":0,"14":0},"b":{"0":[0,0],"1":[0,0],"2":[0,0],"3":[0,0],"4":[0,0],"5":[0,0],"6":[0,0],"7":[0,0],"8":[0,0],"9":[0,0,0],"10":[0,0],"11":[0,0],"12":[0,0],"13":[0,0],"14":[0,0],"15":[0,0],"16":[0,0],"17":[0,0],"18":[0,0]}}
,"/root/isina/client/src/app/index.js": {"path":"/root/isina/client/src/app/index.js","statementMap":{"0":{"start":{"line":1,"column":13},"end":{"line":1,"column":75}},"1":{"start":{"line":1,"column":88},"end":{"line":1,"column":104}},"2":{"start":{"line":1,"column":119},"end":{"line":1,"column":149}},"3":{"start":{"line":2,"column":17},"end":{"line":2,"column":38}},"4":{"start":{"line":2,"column":57},"end":{"line":2,"column":91}},"5":{"start":{"line":3,"column":22},"end":{"line":3,"column":49}},"6":{"start":{"line":4,"column":18},"end":{"line":4,"column":40}},"7":{"start":{"line":6,"column":18},"end":{"line":6,"column":41}},"8":{"start":{"line":6,"column":61},"end":{"line":6,"column":96}},"9":{"start":{"line":8,"column":14},"end":{"line":8,"column":33}},"10":{"start":{"line":8,"column":72},"end":{"line":8,"column":126}},"11":{"start":{"line":10,"column":17},"end":{"line":12,"column":28}},"12":{"start":{"line":10,"column":56},"end":{"line":12,"column":26}},"13":{"start":{"line":15,"column":17},"end":{"line":17,"column":28}},"14":{"start":{"line":15,"column":56},"end":{"line":17,"column":26}},"15":{"start":{"line":20,"column":15},"end":{"line":22,"column":26}},"16":{"start":{"line":20,"column":54},"end":{"line":22,"column":24}},"17":{"start":{"line":25,"column":23},"end":{"line":27,"column":34}},"18":{"start":{"line":25,"column":62},"end":{"line":27,"column":32}},"19":{"start":{"line":30,"column":10},"end":{"line":40,"column":66}},"20":{"start":{"line":30,"column":42},"end":{"line":30,"column":52}},"21":{"start":{"line":30,"column":53},"end":{"line":40,"column":65}},"22":{"start":{"line":47,"column":0},"end":{"line":48,"column":37}},"23":{"start":{"line":48,"column":37},"end":{"line":51,"column":4}}},"fnMap":{"0":{"name":"_interopRequireDefault","decl":{"start":{"line":8,"column":43},"end":{"line":8,"column":65}},"loc":{"start":{"line":8,"column":71},"end":{"line":8,"column":127}},"line":8},"1":{"name":"(anonymous_1)","decl":{"start":{"line":10,"column":43},"end":{"line":10,"column":44}},"loc":{"start":{"line":10,"column":55},"end":{"line":12,"column":27}},"line":10},"2":{"name":"(anonymous_2)","decl":{"start":{"line":15,"column":43},"end":{"line":15,"column":44}},"loc":{"start":{"line":15,"column":55},"end":{"line":17,"column":27}},"line":15},"3":{"name":"(anonymous_3)","decl":{"start":{"line":20,"column":41},"end":{"line":20,"column":42}},"loc":{"start":{"line":20,"column":53},"end":{"line":22,"column":25}},"line":20},"4":{"name":"(anonymous_4)","decl":{"start":{"line":25,"column":49},"end":{"line":25,"column":50}},"loc":{"start":{"line":25,"column":61},"end":{"line":27,"column":33}},"line":25},"5":{"name":"App","decl":{"start":{"line":30,"column":19},"end":{"line":30,"column":22}},"loc":{"start":{"line":30,"column":29},"end":{"line":40,"column":66}},"line":30}},"branchMap":{"0":{"loc":{"start":{"line":8,"column":79},"end":{"line":8,"column":125}},"type":"cond-expr","locations":[{"start":{"line":8,"column":103},"end":{"line":8,"column":106}},{"start":{"line":8,"column":109},"end":{"line":8,"column":125}}],"line":8},"1":{"loc":{"start":{"line":8,"column":79},"end":{"line":8,"column":100}},"type":"binary-expr","locations":[{"start":{"line":8,"column":79},"end":{"line":8,"column":82}},{"start":{"line":8,"column":86},"end":{"line":8,"column":100}}],"line":8}},"s":{"0":0,"1":0,"2":0,"3":0,"4":0,"5":0,"6":0,"7":0,"8":0,"9":0,"10":0,"11":0,"12":0,"13":0,"14":0,"15":0,"16":0,"17":0,"18":0,"19":0,"20":0,"21":0,"22":0,"23":0},"f":{"0":0,"1":0,"2":0,"3":0,"4":0,"5":0},"b":{"0":[0,0],"1":[0,0]}}
,"/root/isina/client/src/app/styles.js": {"path":"/root/isina/client/src/app/styles.js","statementMap":{"0":{"start":{"line":1,"column":13},"end":{"line":1,"column":75}},"1":{"start":{"line":1,"column":75},"end":{"line":1,"column":129}},"2":{"start":{"line":1,"column":151},"end":{"line":1,"column":255}},"3":{"start":{"line":1,"column":275},"end":{"line":1,"column":417}},"4":{"start":{"line":1,"column":437},"end":{"line":1,"column":557}},"5":{"start":{"line":1,"column":582},"end":{"line":1,"column":610}},"6":{"start":{"line":1,"column":636},"end":{"line":1,"column":677}},"7":{"start":{"line":1,"column":716},"end":{"line":1,"column":770}},"8":{"start":{"line":1,"column":818},"end":{"line":1,"column":913}},"9":{"start":{"line":3,"column":19},"end":{"line":3,"column":89}},"10":{"start":{"line":8,"column":17},"end":{"line":8,"column":86}},"11":{"start":{"line":14,"column":0},"end":{"line":14,"column":54}}},"fnMap":{"0":{"name":"_interopRequireDefault","decl":{"start":{"line":1,"column":687},"end":{"line":1,"column":709}},"loc":{"start":{"line":1,"column":715},"end":{"line":1,"column":771}},"line":1},"1":{"name":"_taggedTemplateLiteral","decl":{"start":{"line":1,"column":780},"end":{"line":1,"column":802}},"loc":{"start":{"line":1,"column":817},"end":{"line":1,"column":914}},"line":1}},"branchMap":{"0":{"loc":{"start":{"line":1,"column":723},"end":{"line":1,"column":769}},"type":"cond-expr","locations":[{"start":{"line":1,"column":747},"end":{"line":1,"column":750}},{"start":{"line":1,"column":753},"end":{"line":1,"column":769}}],"line":1},"1":{"loc":{"start":{"line":1,"column":723},"end":{"line":1,"column":744}},"type":"binary-expr","locations":[{"start":{"line":1,"column":723},"end":{"line":1,"column":726}},{"start":{"line":1,"column":730},"end":{"line":1,"column":744}}],"line":1}},"s":{"0":0,"1":0,"2":0,"3":0,"4":0,"5":0,"6":0,"7":0,"8":0,"9":0,"10":0,"11":0},"f":{"0":0,"1":0},"b":{"0":[0,0],"1":[0,0]}}
,"/root/isina/client/src/components/Form/index.js": {"path":"/root/isina/client/src/components/Form/index.js","statementMap":{"0":{"start":{"line":1,"column":13},"end":{"line":1,"column":75}},"1":{"start":{"line":1,"column":97},"end":{"line":1,"column":261}},"2":{"start":{"line":1,"column":286},"end":{"line":1,"column":314}},"3":{"start":{"line":1,"column":340},"end":{"line":1,"column":381}},"4":{"start":{"line":1,"column":420},"end":{"line":1,"column":474}},"5":{"start":{"line":1,"column":522},"end":{"line":1,"column":617}},"6":{"start":{"line":3,"column":11},"end":{"line":3,"column":59}},"7":{"start":{"line":3,"column":60},"end":{"line":9,"column":5}}},"fnMap":{"0":{"name":"_interopRequireDefault","decl":{"start":{"line":1,"column":391},"end":{"line":1,"column":413}},"loc":{"start":{"line":1,"column":419},"end":{"line":1,"column":475}},"line":1},"1":{"name":"_taggedTemplateLiteral","decl":{"start":{"line":1,"column":484},"end":{"line":1,"column":506}},"loc":{"start":{"line":1,"column":521},"end":{"line":1,"column":618}},"line":1}},"branchMap":{"0":{"loc":{"start":{"line":1,"column":427},"end":{"line":1,"column":473}},"type":"cond-expr","locations":[{"start":{"line":1,"column":451},"end":{"line":1,"column":454}},{"start":{"line":1,"column":457},"end":{"line":1,"column":473}}],"line":1},"1":{"loc":{"start":{"line":1,"column":427},"end":{"line":1,"column":448}},"type":"binary-expr","locations":[{"start":{"line":1,"column":427},"end":{"line":1,"column":430}},{"start":{"line":1,"column":434},"end":{"line":1,"column":448}}],"line":1}},"s":{"0":0,"1":0,"2":0,"3":0,"4":0,"5":0,"6":0,"7":0},"f":{"0":0,"1":0},"b":{"0":[0,0],"1":[0,0]}}
,"/root/isina/client/src/components/Input/index.js": {"path":"/root/isina/client/src/components/Input/index.js","statementMap":{"0":{"start":{"line":11,"column":14},"end":{"line":25,"column":18}},"1":{"start":{"line":12,"column":1},"end":{"line":25,"column":18}},"2":{"start":{"line":27,"column":0},"end":{"line":33,"column":2}}},"fnMap":{"0":{"name":"(anonymous_0)","decl":{"start":{"line":11,"column":14},"end":{"line":11,"column":15}},"loc":{"start":{"line":12,"column":1},"end":{"line":25,"column":18}},"line":12}},"branchMap":{"0":{"loc":{"start":{"line":19,"column":3},"end":{"line":20,"column":48}},"type":"binary-expr","locations":[{"start":{"line":19,"column":3},"end":{"line":19,"column":15}},{"start":{"line":19,"column":19},"end":{"line":19,"column":29}},{"start":{"line":20,"column":5},"end":{"line":20,"column":48}}],"line":19},"1":{"loc":{"start":{"line":22,"column":3},"end":{"line":23,"column":52}},"type":"binary-expr","locations":[{"start":{"line":22,"column":3},"end":{"line":22,"column":15}},{"start":{"line":22,"column":19},"end":{"line":22,"column":31}},{"start":{"line":23,"column":5},"end":{"line":23,"column":52}}],"line":22}},"s":{"0":1,"1":3,"2":1},"f":{"0":3},"b":{"0":[3,2,2],"1":[3,2,1]},"_coverageSchema":"332fd63041d2c1bcb487cc26dd0d5f7d97098a6c","hash":"be0022d326d7f56bb8efbc1f218da6c1cb8642c6"}
,"/root/isina/client/src/components/Input/styles.js": {"path":"/root/isina/client/src/components/Input/styles.js","statementMap":{"0":{"start":{"line":4,"column":30},"end":{"line":13,"column":1}},"1":{"start":{"line":15,"column":26},"end":{"line":22,"column":1}},"2":{"start":{"line":24,"column":26},"end":{"line":31,"column":1}},"3":{"start":{"line":30,"column":20},"end":{"line":30,"column":74}},"4":{"start":{"line":33,"column":26},"end":{"line":39,"column":1}}},"fnMap":{"0":{"name":"(anonymous_0)","decl":{"start":{"line":30,"column":11},"end":{"line":30,"column":12}},"loc":{"start":{"line":30,"column":20},"end":{"line":30,"column":74}},"line":30}},"branchMap":{"0":{"loc":{"start":{"line":30,"column":20},"end":{"line":30,"column":74}},"type":"cond-expr","locations":[{"start":{"line":30,"column":34},"end":{"line":30,"column":52}},{"start":{"line":30,"column":55},"end":{"line":30,"column":74}}],"line":30}},"s":{"0":1,"1":1,"2":1,"3":0,"4":1},"f":{"0":0},"b":{"0":[0,0]},"_coverageSchema":"332fd63041d2c1bcb487cc26dd0d5f7d97098a6c","hash":"deac0fc6bfc5b2db40bb4ec0be90fe63181b966c"}
,"/root/isina/client/src/containers/AppNotifications/index.js": {"path":"/root/isina/client/src/containers/AppNotifications/index.js","statementMap":{"0":{"start":{"line":1,"column":13},"end":{"line":1,"column":75}},"1":{"start":{"line":1,"column":94},"end":{"line":1,"column":623}},"2":{"start":{"line":1,"column":149},"end":{"line":1,"column":414}},"3":{"start":{"line":1,"column":206},"end":{"line":1,"column":214}},"4":{"start":{"line":1,"column":215},"end":{"line":1,"column":270}},"5":{"start":{"line":1,"column":270},"end":{"line":1,"column":301}},"6":{"start":{"line":1,"column":301},"end":{"line":1,"column":355}},"7":{"start":{"line":1,"column":328},"end":{"line":1,"column":355}},"8":{"start":{"line":1,"column":355},"end":{"line":1,"column":413}},"9":{"start":{"line":1,"column":415},"end":{"line":1,"column":620}},"10":{"start":{"line":1,"column":471},"end":{"line":1,"column":539}},"11":{"start":{"line":1,"column":487},"end":{"line":1,"column":539}},"12":{"start":{"line":1,"column":539},"end":{"line":1,"column":599}},"13":{"start":{"line":1,"column":556},"end":{"line":1,"column":599}},"14":{"start":{"line":1,"column":599},"end":{"line":1,"column":618}},"15":{"start":{"line":1,"column":637},"end":{"line":1,"column":653}},"16":{"start":{"line":1,"column":668},"end":{"line":1,"column":698}},"17":{"start":{"line":2,"column":17},"end":{"line":2,"column":38}},"18":{"start":{"line":2,"column":57},"end":{"line":2,"column":91}},"19":{"start":{"line":3,"column":18},"end":{"line":3,"column":40}},"20":{"start":{"line":4,"column":16},"end":{"line":4,"column":35}},"21":{"start":{"line":6,"column":15},"end":{"line":6,"column":48}},"22":{"start":{"line":7,"column":16},"end":{"line":7,"column":53}},"23":{"start":{"line":8,"column":17},"end":{"line":8,"column":52}},"24":{"start":{"line":9,"column":18},"end":{"line":9,"column":57}},"25":{"start":{"line":11,"column":16},"end":{"line":11,"column":47}},"26":{"start":{"line":11,"column":65},"end":{"line":11,"column":98}},"27":{"start":{"line":12,"column":18},"end":{"line":12,"column":51}},"28":{"start":{"line":12,"column":71},"end":{"line":12,"column":106}},"29":{"start":{"line":13,"column":13},"end":{"line":13,"column":47}},"30":{"start":{"line":13,"column":62},"end":{"line":13,"column":92}},"31":{"start":{"line":13,"column":131},"end":{"line":13,"column":185}},"32":{"start":{"line":13,"column":235},"end":{"line":13,"column":334}},"33":{"start":{"line":13,"column":276},"end":{"line":13,"column":333}},"34":{"start":{"line":13,"column":384},"end":{"line":13,"column":483}},"35":{"start":{"line":13,"column":396},"end":{"line":13,"column":482}},"36":{"start":{"line":13,"column":483},"end":{"line":13,"column":569}},"37":{"start":{"line":13,"column":612},"end":{"line":13,"column":775}},"38":{"start":{"line":13,"column":674},"end":{"line":13,"column":774}},"39":{"start":{"line":13,"column":775},"end":{"line":13,"column":939}},"40":{"start":{"line":13,"column":939},"end":{"line":13,"column":1057}},"41":{"start":{"line":13,"column":955},"end":{"line":13,"column":1057}},"42":{"start":{"line":16,"column":25},"end":{"line":18,"column":51}},"43":{"start":{"line":21,"column":22},"end":{"line":23,"column":44}},"44":{"start":{"line":26,"column":19},"end":{"line":93,"column":60}},"45":{"start":{"line":26,"column":48},"end":{"line":26,"column":94}},"46":{"start":{"line":26,"column":123},"end":{"line":26,"column":163}},"47":{"start":{"line":26,"column":163},"end":{"line":26,"column":299}},"48":{"start":{"line":26,"column":300},"end":{"line":93,"column":8}},"49":{"start":{"line":28,"column":3},"end":{"line":28,"column":13}},"50":{"start":{"line":28,"column":26},"end":{"line":28,"column":42}},"51":{"start":{"line":28,"column":60},"end":{"line":28,"column":81}},"52":{"start":{"line":28,"column":98},"end":{"line":28,"column":118}},"53":{"start":{"line":28,"column":140},"end":{"line":28,"column":165}},"54":{"start":{"line":30,"column":16},"end":{"line":30,"column":18}},"55":{"start":{"line":32,"column":3},"end":{"line":59,"column":4}},"56":{"start":{"line":33,"column":4},"end":{"line":54,"column":70}},"57":{"start":{"line":33,"column":53},"end":{"line":33,"column":60}},"58":{"start":{"line":33,"column":71},"end":{"line":33,"column":83}},"59":{"start":{"line":33,"column":84},"end":{"line":54,"column":67}},"60":{"start":{"line":42,"column":36},"end":{"line":42,"column":62}},"61":{"start":{"line":52,"column":38},"end":{"line":52,"column":64}},"62":{"start":{"line":61,"column":3},"end":{"line":88,"column":4}},"63":{"start":{"line":62,"column":4},"end":{"line":83,"column":71}},"64":{"start":{"line":62,"column":53},"end":{"line":62,"column":61}},"65":{"start":{"line":62,"column":62},"end":{"line":83,"column":68}},"66":{"start":{"line":71,"column":36},"end":{"line":71,"column":66}},"67":{"start":{"line":81,"column":38},"end":{"line":81,"column":68}},"68":{"start":{"line":90,"column":3},"end":{"line":92,"column":8}},"69":{"start":{"line":93,"column":8},"end":{"line":93,"column":32}},"70":{"start":{"line":96,"column":0},"end":{"line":100,"column":48}},"71":{"start":{"line":100,"column":48},"end":{"line":103,"column":80}}},"fnMap":{"0":{"name":"(anonymous_0)","decl":{"start":{"line":1,"column":94},"end":{"line":1,"column":95}},"loc":{"start":{"line":1,"column":106},"end":{"line":1,"column":621}},"line":1},"1":{"name":"defineProperties","decl":{"start":{"line":1,"column":116},"end":{"line":1,"column":132}},"loc":{"start":{"line":1,"column":148},"end":{"line":1,"column":415}},"line":1},"2":{"name":"(anonymous_2)","decl":{"start":{"line":1,"column":422},"end":{"line":1,"column":423}},"loc":{"start":{"line":1,"column":470},"end":{"line":1,"column":619}},"line":1},"3":{"name":"_interopRequireDefault","decl":{"start":{"line":13,"column":102},"end":{"line":13,"column":124}},"loc":{"start":{"line":13,"column":130},"end":{"line":13,"column":186}},"line":13},"4":{"name":"_classCallCheck","decl":{"start":{"line":13,"column":195},"end":{"line":13,"column":210}},"loc":{"start":{"line":13,"column":234},"end":{"line":13,"column":335}},"line":13},"5":{"name":"_possibleConstructorReturn","decl":{"start":{"line":13,"column":344},"end":{"line":13,"column":370}},"loc":{"start":{"line":13,"column":383},"end":{"line":13,"column":570}},"line":13},"6":{"name":"_inherits","decl":{"start":{"line":13,"column":579},"end":{"line":13,"column":588}},"loc":{"start":{"line":13,"column":611},"end":{"line":13,"column":1058}},"line":13},"7":{"name":"(anonymous_7)","decl":{"start":{"line":26,"column":19},"end":{"line":26,"column":20}},"loc":{"start":{"line":26,"column":47},"end":{"line":93,"column":33}},"line":26},"8":{"name":"AppNotifications","decl":{"start":{"line":26,"column":103},"end":{"line":26,"column":119}},"loc":{"start":{"line":26,"column":122},"end":{"line":26,"column":300}},"line":26},"9":{"name":"render","decl":{"start":{"line":26,"column":365},"end":{"line":26,"column":371}},"loc":{"start":{"line":27,"column":2},"end":{"line":93,"column":3}},"line":27},"10":{"name":"(anonymous_10)","decl":{"start":{"line":33,"column":27},"end":{"line":33,"column":28}},"loc":{"start":{"line":33,"column":43},"end":{"line":54,"column":68}},"line":33},"11":{"name":"onClose","decl":{"start":{"line":42,"column":25},"end":{"line":42,"column":32}},"loc":{"start":{"line":42,"column":35},"end":{"line":42,"column":63}},"line":42},"12":{"name":"onClick","decl":{"start":{"line":52,"column":27},"end":{"line":52,"column":34}},"loc":{"start":{"line":52,"column":37},"end":{"line":52,"column":65}},"line":52},"13":{"name":"(anonymous_13)","decl":{"start":{"line":62,"column":26},"end":{"line":62,"column":27}},"loc":{"start":{"line":62,"column":43},"end":{"line":83,"column":69}},"line":62},"14":{"name":"onClose","decl":{"start":{"line":71,"column":25},"end":{"line":71,"column":32}},"loc":{"start":{"line":71,"column":35},"end":{"line":71,"column":67}},"line":71},"15":{"name":"onClick","decl":{"start":{"line":81,"column":27},"end":{"line":81,"column":34}},"loc":{"start":{"line":81,"column":37},"end":{"line":81,"column":69}},"line":81}},"branchMap":{"0":{"loc":{"start":{"line":1,"column":239},"end":{"line":1,"column":269}},"type":"binary-expr","locations":[{"start":{"line":1,"column":239},"end":{"line":1,"column":260}},{"start":{"line":1,"column":264},"end":{"line":1,"column":269}}],"line":1},"1":{"loc":{"start":{"line":1,"column":301},"end":{"line":1,"column":355}},"type":"if","locations":[{"start":{"line":1,"column":301},"end":{"line":1,"column":355}},{"start":{"line":1,"column":301},"end":{"line":1,"column":355}}],"line":1},"2":{"loc":{"start":{"line":1,"column":471},"end":{"line":1,"column":539}},"type":"if","locations":[{"start":{"line":1,"column":471},"end":{"line":1,"column":539}},{"start":{"line":1,"column":471},"end":{"line":1,"column":539}}],"line":1},"3":{"loc":{"start":{"line":1,"column":539},"end":{"line":1,"column":599}},"type":"if","locations":[{"start":{"line":1,"column":539},"end":{"line":1,"column":599}},{"start":{"line":1,"column":539},"end":{"line":1,"column":599}}],"line":1},"4":{"loc":{"start":{"line":13,"column":138},"end":{"line":13,"column":184}},"type":"cond-expr","locations":[{"start":{"line":13,"column":162},"end":{"line":13,"column":165}},{"start":{"line":13,"column":168},"end":{"line":13,"column":184}}],"line":13},"5":{"loc":{"start":{"line":13,"column":138},"end":{"line":13,"column":159}},"type":"binary-expr","locations":[{"start":{"line":13,"column":138},"end":{"line":13,"column":141}},{"start":{"line":13,"column":145},"end":{"line":13,"column":159}}],"line":13},"6":{"loc":{"start":{"line":13,"column":235},"end":{"line":13,"column":334}},"type":"if","locations":[{"start":{"line":13,"column":235},"end":{"line":13,"column":334}},{"start":{"line":13,"column":235},"end":{"line":13,"column":334}}],"line":13},"7":{"loc":{"start":{"line":13,"column":384},"end":{"line":13,"column":483}},"type":"if","locations":[{"start":{"line":13,"column":384},"end":{"line":13,"column":483}},{"start":{"line":13,"column":384},"end":{"line":13,"column":483}}],"line":13},"8":{"loc":{"start":{"line":13,"column":490},"end":{"line":13,"column":568}},"type":"cond-expr","locations":[{"start":{"line":13,"column":557},"end":{"line":13,"column":561}},{"start":{"line":13,"column":564},"end":{"line":13,"column":568}}],"line":13},"9":{"loc":{"start":{"line":13,"column":490},"end":{"line":13,"column":554}},"type":"binary-expr","locations":[{"start":{"line":13,"column":490},"end":{"line":13,"column":494}},{"start":{"line":13,"column":499},"end":{"line":13,"column":523}},{"start":{"line":13,"column":527},"end":{"line":13,"column":553}}],"line":13},"10":{"loc":{"start":{"line":13,"column":612},"end":{"line":13,"column":775}},"type":"if","locations":[{"start":{"line":13,"column":612},"end":{"line":13,"column":775}},{"start":{"line":13,"column":612},"end":{"line":13,"column":775}}],"line":13},"11":{"loc":{"start":{"line":13,"column":616},"end":{"line":13,"column":671}},"type":"binary-expr","locations":[{"start":{"line":13,"column":616},"end":{"line":13,"column":648}},{"start":{"line":13,"column":652},"end":{"line":13,"column":671}}],"line":13},"12":{"loc":{"start":{"line":13,"column":810},"end":{"line":13,"column":844}},"type":"binary-expr","locations":[{"start":{"line":13,"column":810},"end":{"line":13,"column":820}},{"start":{"line":13,"column":824},"end":{"line":13,"column":844}}],"line":13},"13":{"loc":{"start":{"line":13,"column":939},"end":{"line":13,"column":1057}},"type":"if","locations":[{"start":{"line":13,"column":939},"end":{"line":13,"column":1057}},{"start":{"line":13,"column":939},"end":{"line":13,"column":1057}}],"line":13},"14":{"loc":{"start":{"line":13,"column":955},"end":{"line":13,"column":1056}},"type":"cond-expr","locations":[{"start":{"line":13,"column":979},"end":{"line":13,"column":1022}},{"start":{"line":13,"column":1025},"end":{"line":13,"column":1056}}],"line":13},"15":{"loc":{"start":{"line":26,"column":204},"end":{"line":26,"column":273}},"type":"binary-expr","locations":[{"start":{"line":26,"column":204},"end":{"line":26,"column":230}},{"start":{"line":26,"column":234},"end":{"line":26,"column":273}}],"line":26},"16":{"loc":{"start":{"line":32,"column":3},"end":{"line":59,"column":4}},"type":"if","locations":[{"start":{"line":32,"column":3},"end":{"line":59,"column":4}},{"start":{"line":32,"column":3},"end":{"line":59,"column":4}}],"line":32},"17":{"loc":{"start":{"line":32,"column":7},"end":{"line":32,"column":36}},"type":"binary-expr","locations":[{"start":{"line":32,"column":7},"end":{"line":32,"column":16}},{"start":{"line":32,"column":20},"end":{"line":32,"column":36}}],"line":32},"18":{"loc":{"start":{"line":46,"column":76},"end":{"line":46,"column":102}},"type":"binary-expr","locations":[{"start":{"line":46,"column":76},"end":{"line":46,"column":83}},{"start":{"line":46,"column":87},"end":{"line":46,"column":102}}],"line":46},"19":{"loc":{"start":{"line":61,"column":3},"end":{"line":88,"column":4}},"type":"if","locations":[{"start":{"line":61,"column":3},"end":{"line":88,"column":4}},{"start":{"line":61,"column":3},"end":{"line":88,"column":4}}],"line":61},"20":{"loc":{"start":{"line":61,"column":7},"end":{"line":61,"column":44}},"type":"binary-expr","locations":[{"start":{"line":61,"column":7},"end":{"line":61,"column":20}},{"start":{"line":61,"column":24},"end":{"line":61,"column":44}}],"line":61},"21":{"loc":{"start":{"line":90,"column":10},"end":{"line":92,"column":7}},"type":"cond-expr","locations":[{"start":{"line":91,"column":3},"end":{"line":91,"column":9}},{"start":{"line":92,"column":3},"end":{"line":92,"column":7}}],"line":90}},"s":{"0":0,"1":0,"2":0,"3":0,"4":0,"5":0,"6":0,"7":0,"8":0,"9":0,"10":0,"11":0,"12":0,"13":0,"14":0,"15":0,"16":0,"17":0,"18":0,"19":0,"20":0,"21":0,"22":0,"23":0,"24":0,"25":0,"26":0,"27":0,"28":0,"29":0,"30":0,"31":0,"32":0,"33":0,"34":0,"35":0,"36":0,"37":0,"38":0,"39":0,"40":0,"41":0,"42":0,"43":0,"44":0,"45":0,"46":0,"47":0,"48":0,"49":0,"50":0,"51":0,"52":0,"53":0,"54":0,"55":0,"56":0,"57":0,"58":0,"59":0,"60":0,"61":0,"62":0,"63":0,"64":0,"65":0,"66":0,"67":0,"68":0,"69":0,"70":0,"71":0},"f":{"0":0,"1":0,"2":0,"3":0,"4":0,"5":0,"6":0,"7":0,"8":0,"9":0,"10":0,"11":0,"12":0,"13":0,"14":0,"15":0},"b":{"0":[0,0],"1":[0,0],"2":[0,0],"3":[0,0],"4":[0,0],"5":[0,0],"6":[0,0],"7":[0,0],"8":[0,0],"9":[0,0,0],"10":[0,0],"11":[0,0],"12":[0,0],"13":[0,0],"14":[0,0],"15":[0,0],"16":[0,0],"17":[0,0],"18":[0,0],"19":[0,0],"20":[0,0],"21":[0,0]}}
,"/root/isina/client/src/containers/CreateUser/index.js": {"path":"/root/isina/client/src/containers/CreateUser/index.js","statementMap":{"0":{"start":{"line":1,"column":13},"end":{"line":1,"column":75}},"1":{"start":{"line":1,"column":94},"end":{"line":1,"column":623}},"2":{"start":{"line":1,"column":149},"end":{"line":1,"column":414}},"3":{"start":{"line":1,"column":206},"end":{"line":1,"column":214}},"4":{"start":{"line":1,"column":215},"end":{"line":1,"column":270}},"5":{"start":{"line":1,"column":270},"end":{"line":1,"column":301}},"6":{"start":{"line":1,"column":301},"end":{"line":1,"column":355}},"7":{"start":{"line":1,"column":328},"end":{"line":1,"column":355}},"8":{"start":{"line":1,"column":355},"end":{"line":1,"column":413}},"9":{"start":{"line":1,"column":415},"end":{"line":1,"column":620}},"10":{"start":{"line":1,"column":471},"end":{"line":1,"column":539}},"11":{"start":{"line":1,"column":487},"end":{"line":1,"column":539}},"12":{"start":{"line":1,"column":539},"end":{"line":1,"column":599}},"13":{"start":{"line":1,"column":556},"end":{"line":1,"column":599}},"14":{"start":{"line":1,"column":599},"end":{"line":1,"column":618}},"15":{"start":{"line":1,"column":637},"end":{"line":1,"column":653}},"16":{"start":{"line":1,"column":668},"end":{"line":1,"column":698}},"17":{"start":{"line":2,"column":17},"end":{"line":2,"column":38}},"18":{"start":{"line":2,"column":57},"end":{"line":2,"column":91}},"19":{"start":{"line":3,"column":14},"end":{"line":3,"column":39}},"20":{"start":{"line":3,"column":55},"end":{"line":3,"column":86}},"21":{"start":{"line":4,"column":17},"end":{"line":4,"column":38}},"22":{"start":{"line":5,"column":19},"end":{"line":5,"column":42}},"23":{"start":{"line":7,"column":13},"end":{"line":7,"column":41}},"24":{"start":{"line":7,"column":56},"end":{"line":7,"column":86}},"25":{"start":{"line":8,"column":13},"end":{"line":8,"column":40}},"26":{"start":{"line":8,"column":55},"end":{"line":8,"column":85}},"27":{"start":{"line":9,"column":12},"end":{"line":9,"column":38}},"28":{"start":{"line":9,"column":52},"end":{"line":9,"column":81}},"29":{"start":{"line":10,"column":14},"end":{"line":10,"column":43}},"30":{"start":{"line":10,"column":59},"end":{"line":10,"column":90}},"31":{"start":{"line":12,"column":16},"end":{"line":12,"column":37}},"32":{"start":{"line":12,"column":55},"end":{"line":12,"column":88}},"33":{"start":{"line":14,"column":13},"end":{"line":14,"column":29}},"34":{"start":{"line":14,"column":68},"end":{"line":14,"column":122}},"35":{"start":{"line":14,"column":172},"end":{"line":14,"column":271}},"36":{"start":{"line":14,"column":213},"end":{"line":14,"column":270}},"37":{"start":{"line":14,"column":321},"end":{"line":14,"column":420}},"38":{"start":{"line":14,"column":333},"end":{"line":14,"column":419}},"39":{"start":{"line":14,"column":420},"end":{"line":14,"column":506}},"40":{"start":{"line":14,"column":549},"end":{"line":14,"column":712}},"41":{"start":{"line":14,"column":611},"end":{"line":14,"column":711}},"42":{"start":{"line":14,"column":712},"end":{"line":14,"column":876}},"43":{"start":{"line":14,"column":876},"end":{"line":14,"column":994}},"44":{"start":{"line":14,"column":892},"end":{"line":14,"column":994}},"45":{"start":{"line":19,"column":13},"end":{"line":67,"column":54}},"46":{"start":{"line":19,"column":42},"end":{"line":19,"column":82}},"47":{"start":{"line":19,"column":137},"end":{"line":19,"column":171}},"48":{"start":{"line":19,"column":171},"end":{"line":19,"column":287}},"49":{"start":{"line":19,"column":257},"end":{"line":19,"column":286}},"50":{"start":{"line":19,"column":287},"end":{"line":35,"column":53}},"51":{"start":{"line":21,"column":3},"end":{"line":21,"column":14}},"52":{"start":{"line":21,"column":24},"end":{"line":21,"column":42}},"53":{"start":{"line":21,"column":53},"end":{"line":21,"column":72}},"54":{"start":{"line":23,"column":3},"end":{"line":34,"column":48}},"55":{"start":{"line":26,"column":60},"end":{"line":26,"column":81}},"56":{"start":{"line":27,"column":16},"end":{"line":27,"column":65}},"57":{"start":{"line":29,"column":5},"end":{"line":29,"column":33}},"58":{"start":{"line":31,"column":5},"end":{"line":31,"column":68}},"59":{"start":{"line":34,"column":21},"end":{"line":34,"column":45}},"60":{"start":{"line":35,"column":54},"end":{"line":67,"column":8}},"61":{"start":{"line":38,"column":18},"end":{"line":38,"column":41}},"62":{"start":{"line":40,"column":3},"end":{"line":60,"column":37}},"63":{"start":{"line":67,"column":8},"end":{"line":67,"column":26}},"64":{"start":{"line":71,"column":0},"end":{"line":74,"column":42}},"65":{"start":{"line":74,"column":42},"end":{"line":83,"column":12}}},"fnMap":{"0":{"name":"(anonymous_0)","decl":{"start":{"line":1,"column":94},"end":{"line":1,"column":95}},"loc":{"start":{"line":1,"column":106},"end":{"line":1,"column":621}},"line":1},"1":{"name":"defineProperties","decl":{"start":{"line":1,"column":116},"end":{"line":1,"column":132}},"loc":{"start":{"line":1,"column":148},"end":{"line":1,"column":415}},"line":1},"2":{"name":"(anonymous_2)","decl":{"start":{"line":1,"column":422},"end":{"line":1,"column":423}},"loc":{"start":{"line":1,"column":470},"end":{"line":1,"column":619}},"line":1},"3":{"name":"_interopRequireDefault","decl":{"start":{"line":14,"column":39},"end":{"line":14,"column":61}},"loc":{"start":{"line":14,"column":67},"end":{"line":14,"column":123}},"line":14},"4":{"name":"_classCallCheck","decl":{"start":{"line":14,"column":132},"end":{"line":14,"column":147}},"loc":{"start":{"line":14,"column":171},"end":{"line":14,"column":272}},"line":14},"5":{"name":"_possibleConstructorReturn","decl":{"start":{"line":14,"column":281},"end":{"line":14,"column":307}},"loc":{"start":{"line":14,"column":320},"end":{"line":14,"column":507}},"line":14},"6":{"name":"_inherits","decl":{"start":{"line":14,"column":516},"end":{"line":14,"column":525}},"loc":{"start":{"line":14,"column":548},"end":{"line":14,"column":995}},"line":14},"7":{"name":"(anonymous_7)","decl":{"start":{"line":19,"column":13},"end":{"line":19,"column":14}},"loc":{"start":{"line":19,"column":41},"end":{"line":67,"column":27}},"line":19},"8":{"name":"CreateUser","decl":{"start":{"line":19,"column":91},"end":{"line":19,"column":101}},"loc":{"start":{"line":19,"column":104},"end":{"line":35,"column":54}},"line":19},"9":{"name":"(anonymous_9)","decl":{"start":{"line":20,"column":15},"end":{"line":20,"column":16}},"loc":{"start":{"line":20,"column":31},"end":{"line":35,"column":3}},"line":20},"10":{"name":"update","decl":{"start":{"line":26,"column":21},"end":{"line":26,"column":27}},"loc":{"start":{"line":26,"column":42},"end":{"line":32,"column":5}},"line":26},"11":{"name":"(anonymous_11)","decl":{"start":{"line":34,"column":8},"end":{"line":34,"column":9}},"loc":{"start":{"line":34,"column":20},"end":{"line":34,"column":46}},"line":34},"12":{"name":"render","decl":{"start":{"line":35,"column":113},"end":{"line":35,"column":119}},"loc":{"start":{"line":37,"column":2},"end":{"line":67,"column":3}},"line":37}},"branchMap":{"0":{"loc":{"start":{"line":1,"column":239},"end":{"line":1,"column":269}},"type":"binary-expr","locations":[{"start":{"line":1,"column":239},"end":{"line":1,"column":260}},{"start":{"line":1,"column":264},"end":{"line":1,"column":269}}],"line":1},"1":{"loc":{"start":{"line":1,"column":301},"end":{"line":1,"column":355}},"type":"if","locations":[{"start":{"line":1,"column":301},"end":{"line":1,"column":355}},{"start":{"line":1,"column":301},"end":{"line":1,"column":355}}],"line":1},"2":{"loc":{"start":{"line":1,"column":471},"end":{"line":1,"column":539}},"type":"if","locations":[{"start":{"line":1,"column":471},"end":{"line":1,"column":539}},{"start":{"line":1,"column":471},"end":{"line":1,"column":539}}],"line":1},"3":{"loc":{"start":{"line":1,"column":539},"end":{"line":1,"column":599}},"type":"if","locations":[{"start":{"line":1,"column":539},"end":{"line":1,"column":599}},{"start":{"line":1,"column":539},"end":{"line":1,"column":599}}],"line":1},"4":{"loc":{"start":{"line":14,"column":75},"end":{"line":14,"column":121}},"type":"cond-expr","locations":[{"start":{"line":14,"column":99},"end":{"line":14,"column":102}},{"start":{"line":14,"column":105},"end":{"line":14,"column":121}}],"line":14},"5":{"loc":{"start":{"line":14,"column":75},"end":{"line":14,"column":96}},"type":"binary-expr","locations":[{"start":{"line":14,"column":75},"end":{"line":14,"column":78}},{"start":{"line":14,"column":82},"end":{"line":14,"column":96}}],"line":14},"6":{"loc":{"start":{"line":14,"column":172},"end":{"line":14,"column":271}},"type":"if","locations":[{"start":{"line":14,"column":172},"end":{"line":14,"column":271}},{"start":{"line":14,"column":172},"end":{"line":14,"column":271}}],"line":14},"7":{"loc":{"start":{"line":14,"column":321},"end":{"line":14,"column":420}},"type":"if","locations":[{"start":{"line":14,"column":321},"end":{"line":14,"column":420}},{"start":{"line":14,"column":321},"end":{"line":14,"column":420}}],"line":14},"8":{"loc":{"start":{"line":14,"column":427},"end":{"line":14,"column":505}},"type":"cond-expr","locations":[{"start":{"line":14,"column":494},"end":{"line":14,"column":498}},{"start":{"line":14,"column":501},"end":{"line":14,"column":505}}],"line":14},"9":{"loc":{"start":{"line":14,"column":427},"end":{"line":14,"column":491}},"type":"binary-expr","locations":[{"start":{"line":14,"column":427},"end":{"line":14,"column":431}},{"start":{"line":14,"column":436},"end":{"line":14,"column":460}},{"start":{"line":14,"column":464},"end":{"line":14,"column":490}}],"line":14},"10":{"loc":{"start":{"line":14,"column":549},"end":{"line":14,"column":712}},"type":"if","locations":[{"start":{"line":14,"column":549},"end":{"line":14,"column":712}},{"start":{"line":14,"column":549},"end":{"line":14,"column":712}}],"line":14},"11":{"loc":{"start":{"line":14,"column":553},"end":{"line":14,"column":608}},"type":"binary-expr","locations":[{"start":{"line":14,"column":553},"end":{"line":14,"column":585}},{"start":{"line":14,"column":589},"end":{"line":14,"column":608}}],"line":14},"12":{"loc":{"start":{"line":14,"column":747},"end":{"line":14,"column":781}},"type":"binary-expr","locations":[{"start":{"line":14,"column":747},"end":{"line":14,"column":757}},{"start":{"line":14,"column":761},"end":{"line":14,"column":781}}],"line":14},"13":{"loc":{"start":{"line":14,"column":876},"end":{"line":14,"column":994}},"type":"if","locations":[{"start":{"line":14,"column":876},"end":{"line":14,"column":994}},{"start":{"line":14,"column":876},"end":{"line":14,"column":994}}],"line":14},"14":{"loc":{"start":{"line":14,"column":892},"end":{"line":14,"column":993}},"type":"cond-expr","locations":[{"start":{"line":14,"column":916},"end":{"line":14,"column":959}},{"start":{"line":14,"column":962},"end":{"line":14,"column":993}}],"line":14},"15":{"loc":{"start":{"line":19,"column":360},"end":{"line":19,"column":417}},"type":"binary-expr","locations":[{"start":{"line":19,"column":360},"end":{"line":19,"column":380}},{"start":{"line":19,"column":384},"end":{"line":19,"column":417}}],"line":19}},"s":{"0":0,"1":0,"2":0,"3":0,"4":0,"5":0,"6":0,"7":0,"8":0,"9":0,"10":0,"11":0,"12":0,"13":0,"14":0,"15":0,"16":0,"17":0,"18":0,"19":0,"20":0,"21":0,"22":0,"23":0,"24":0,"25":0,"26":0,"27":0,"28":0,"29":0,"30":0,"31":0,"32":0,"33":0,"34":0,"35":0,"36":0,"37":0,"38":0,"39":0,"40":0,"41":0,"42":0,"43":0,"44":0,"45":0,"46":0,"47":0,"48":0,"49":0,"50":0,"51":0,"52":0,"53":0,"54":0,"55":0,"56":0,"57":0,"58":0,"59":0,"60":0,"61":0,"62":0,"63":0,"64":0,"65":0},"f":{"0":0,"1":0,"2":0,"3":0,"4":0,"5":0,"6":0,"7":0,"8":0,"9":0,"10":0,"11":0,"12":0},"b":{"0":[0,0],"1":[0,0],"2":[0,0],"3":[0,0],"4":[0,0],"5":[0,0],"6":[0,0],"7":[0,0],"8":[0,0],"9":[0,0,0],"10":[0,0],"11":[0,0],"12":[0,0],"13":[0,0],"14":[0,0],"15":[0,0]}}
,"/root/isina/client/src/containers/CreateUser/validate.js": {"path":"/root/isina/client/src/containers/CreateUser/validate.js","statementMap":{"0":{"start":{"line":1,"column":13},"end":{"line":1,"column":75}},"1":{"start":{"line":1,"column":90},"end":{"line":17,"column":1}},"2":{"start":{"line":2,"column":14},"end":{"line":2,"column":16}},"3":{"start":{"line":4,"column":1},"end":{"line":6,"column":2}},"4":{"start":{"line":5,"column":2},"end":{"line":5,"column":27}},"5":{"start":{"line":8,"column":1},"end":{"line":10,"column":2}},"6":{"start":{"line":9,"column":2},"end":{"line":9,"column":28}},"7":{"start":{"line":12,"column":1},"end":{"line":14,"column":2}},"8":{"start":{"line":13,"column":2},"end":{"line":13,"column":41}},"9":{"start":{"line":16,"column":1},"end":{"line":16,"column":15}},"10":{"start":{"line":17,"column":2},"end":{"line":19,"column":9}}},"fnMap":{"0":{"name":"validate","decl":{"start":{"line":1,"column":99},"end":{"line":1,"column":107}},"loc":{"start":{"line":1,"column":116},"end":{"line":17,"column":1}},"line":1}},"branchMap":{"0":{"loc":{"start":{"line":4,"column":1},"end":{"line":6,"column":2}},"type":"if","locations":[{"start":{"line":4,"column":1},"end":{"line":6,"column":2}},{"start":{"line":4,"column":1},"end":{"line":6,"column":2}}],"line":4},"1":{"loc":{"start":{"line":8,"column":1},"end":{"line":10,"column":2}},"type":"if","locations":[{"start":{"line":8,"column":1},"end":{"line":10,"column":2}},{"start":{"line":8,"column":1},"end":{"line":10,"column":2}}],"line":8},"2":{"loc":{"start":{"line":12,"column":1},"end":{"line":14,"column":2}},"type":"if","locations":[{"start":{"line":12,"column":1},"end":{"line":14,"column":2}},{"start":{"line":12,"column":1},"end":{"line":14,"column":2}}],"line":12},"3":{"loc":{"start":{"line":12,"column":5},"end":{"line":12,"column":84}},"type":"binary-expr","locations":[{"start":{"line":12,"column":5},"end":{"line":12,"column":17}},{"start":{"line":12,"column":21},"end":{"line":12,"column":84}}],"line":12}},"s":{"0":0,"1":0,"2":0,"3":0,"4":0,"5":0,"6":0,"7":0,"8":0,"9":0,"10":0},"f":{"0":0},"b":{"0":[0,0],"1":[0,0],"2":[0,0],"3":[0,0]}}
,"/root/isina/client/src/containers/EditUser/index.js": {"path":"/root/isina/client/src/containers/EditUser/index.js","statementMap":{"0":{"start":{"line":1,"column":13},"end":{"line":1,"column":75}},"1":{"start":{"line":1,"column":90},"end":{"line":1,"column":321}},"2":{"start":{"line":1,"column":126},"end":{"line":1,"column":306}},"3":{"start":{"line":1,"column":183},"end":{"line":1,"column":195}},"4":{"start":{"line":1,"column":196},"end":{"line":1,"column":305}},"5":{"start":{"line":1,"column":221},"end":{"line":1,"column":304}},"6":{"start":{"line":1,"column":277},"end":{"line":1,"column":303}},"7":{"start":{"line":1,"column":306},"end":{"line":1,"column":320}},"8":{"start":{"line":1,"column":341},"end":{"line":1,"column":870}},"9":{"start":{"line":1,"column":396},"end":{"line":1,"column":661}},"10":{"start":{"line":1,"column":453},"end":{"line":1,"column":461}},"11":{"start":{"line":1,"column":462},"end":{"line":1,"column":517}},"12":{"start":{"line":1,"column":517},"end":{"line":1,"column":548}},"13":{"start":{"line":1,"column":548},"end":{"line":1,"column":602}},"14":{"start":{"line":1,"column":575},"end":{"line":1,"column":602}},"15":{"start":{"line":1,"column":602},"end":{"line":1,"column":660}},"16":{"start":{"line":1,"column":662},"end":{"line":1,"column":867}},"17":{"start":{"line":1,"column":718},"end":{"line":1,"column":786}},"18":{"start":{"line":1,"column":734},"end":{"line":1,"column":786}},"19":{"start":{"line":1,"column":786},"end":{"line":1,"column":846}},"20":{"start":{"line":1,"column":803},"end":{"line":1,"column":846}},"21":{"start":{"line":1,"column":846},"end":{"line":1,"column":865}},"22":{"start":{"line":1,"column":884},"end":{"line":1,"column":900}},"23":{"start":{"line":1,"column":915},"end":{"line":1,"column":945}},"24":{"start":{"line":2,"column":17},"end":{"line":2,"column":38}},"25":{"start":{"line":2,"column":57},"end":{"line":2,"column":91}},"26":{"start":{"line":3,"column":17},"end":{"line":3,"column":38}},"27":{"start":{"line":4,"column":19},"end":{"line":4,"column":42}},"28":{"start":{"line":5,"column":14},"end":{"line":5,"column":39}},"29":{"start":{"line":5,"column":55},"end":{"line":5,"column":86}},"30":{"start":{"line":7,"column":13},"end":{"line":7,"column":41}},"31":{"start":{"line":7,"column":56},"end":{"line":7,"column":86}},"32":{"start":{"line":8,"column":13},"end":{"line":8,"column":40}},"33":{"start":{"line":8,"column":55},"end":{"line":8,"column":85}},"34":{"start":{"line":9,"column":12},"end":{"line":9,"column":38}},"35":{"start":{"line":9,"column":52},"end":{"line":9,"column":81}},"36":{"start":{"line":10,"column":14},"end":{"line":10,"column":43}},"37":{"start":{"line":10,"column":59},"end":{"line":10,"column":90}},"38":{"start":{"line":13,"column":13},"end":{"line":13,"column":29}},"39":{"start":{"line":19,"column":16},"end":{"line":19,"column":37}},"40":{"start":{"line":19,"column":55},"end":{"line":19,"column":88}},"41":{"start":{"line":19,"column":127},"end":{"line":19,"column":181}},"42":{"start":{"line":19,"column":231},"end":{"line":19,"column":330}},"43":{"start":{"line":19,"column":272},"end":{"line":19,"column":329}},"44":{"start":{"line":19,"column":380},"end":{"line":19,"column":479}},"45":{"start":{"line":19,"column":392},"end":{"line":19,"column":478}},"46":{"start":{"line":19,"column":479},"end":{"line":19,"column":565}},"47":{"start":{"line":19,"column":608},"end":{"line":19,"column":771}},"48":{"start":{"line":19,"column":670},"end":{"line":19,"column":770}},"49":{"start":{"line":19,"column":771},"end":{"line":19,"column":935}},"50":{"start":{"line":19,"column":935},"end":{"line":19,"column":1053}},"51":{"start":{"line":19,"column":951},"end":{"line":19,"column":1053}},"52":{"start":{"line":21,"column":11},"end":{"line":73,"column":52}},"53":{"start":{"line":21,"column":40},"end":{"line":21,"column":78}},"54":{"start":{"line":21,"column":131},"end":{"line":21,"column":163}},"55":{"start":{"line":21,"column":163},"end":{"line":21,"column":279}},"56":{"start":{"line":21,"column":249},"end":{"line":21,"column":278}},"57":{"start":{"line":21,"column":279},"end":{"line":41,"column":53}},"58":{"start":{"line":23,"column":3},"end":{"line":23,"column":14}},"59":{"start":{"line":23,"column":24},"end":{"line":23,"column":42}},"60":{"start":{"line":23,"column":51},"end":{"line":23,"column":68}},"61":{"start":{"line":23,"column":79},"end":{"line":23,"column":98}},"62":{"start":{"line":25,"column":3},"end":{"line":40,"column":48}},"63":{"start":{"line":31,"column":58},"end":{"line":31,"column":77}},"64":{"start":{"line":32,"column":16},"end":{"line":32,"column":65}},"65":{"start":{"line":34,"column":5},"end":{"line":34,"column":89}},"66":{"start":{"line":34,"column":53},"end":{"line":34,"column":86}},"67":{"start":{"line":35,"column":5},"end":{"line":35,"column":31}},"68":{"start":{"line":37,"column":5},"end":{"line":37,"column":68}},"69":{"start":{"line":40,"column":21},"end":{"line":40,"column":45}},"70":{"start":{"line":41,"column":54},"end":{"line":73,"column":8}},"71":{"start":{"line":44,"column":18},"end":{"line":44,"column":41}},"72":{"start":{"line":46,"column":3},"end":{"line":66,"column":35}},"73":{"start":{"line":73,"column":8},"end":{"line":73,"column":24}},"74":{"start":{"line":77,"column":0},"end":{"line":81,"column":42}},"75":{"start":{"line":81,"column":42},"end":{"line":103,"column":10}},"76":{"start":{"line":89,"column":35},"end":{"line":91,"column":39}},"77":{"start":{"line":94,"column":42},"end":{"line":94,"column":57}},"78":{"start":{"line":94,"column":58},"end":{"line":95,"column":25}}},"fnMap":{"0":{"name":"(anonymous_0)","decl":{"start":{"line":1,"column":107},"end":{"line":1,"column":108}},"loc":{"start":{"line":1,"column":125},"end":{"line":1,"column":321}},"line":1},"1":{"name":"(anonymous_1)","decl":{"start":{"line":1,"column":341},"end":{"line":1,"column":342}},"loc":{"start":{"line":1,"column":353},"end":{"line":1,"column":868}},"line":1},"2":{"name":"defineProperties","decl":{"start":{"line":1,"column":363},"end":{"line":1,"column":379}},"loc":{"start":{"line":1,"column":395},"end":{"line":1,"column":662}},"line":1},"3":{"name":"(anonymous_3)","decl":{"start":{"line":1,"column":669},"end":{"line":1,"column":670}},"loc":{"start":{"line":1,"column":717},"end":{"line":1,"column":866}},"line":1},"4":{"name":"_interopRequireDefault","decl":{"start":{"line":19,"column":98},"end":{"line":19,"column":120}},"loc":{"start":{"line":19,"column":126},"end":{"line":19,"column":182}},"line":19},"5":{"name":"_classCallCheck","decl":{"start":{"line":19,"column":191},"end":{"line":19,"column":206}},"loc":{"start":{"line":19,"column":230},"end":{"line":19,"column":331}},"line":19},"6":{"name":"_possibleConstructorReturn","decl":{"start":{"line":19,"column":340},"end":{"line":19,"column":366}},"loc":{"start":{"line":19,"column":379},"end":{"line":19,"column":566}},"line":19},"7":{"name":"_inherits","decl":{"start":{"line":19,"column":575},"end":{"line":19,"column":584}},"loc":{"start":{"line":19,"column":607},"end":{"line":19,"column":1054}},"line":19},"8":{"name":"(anonymous_8)","decl":{"start":{"line":21,"column":11},"end":{"line":21,"column":12}},"loc":{"start":{"line":21,"column":39},"end":{"line":73,"column":25}},"line":21},"9":{"name":"EditUser","decl":{"start":{"line":21,"column":87},"end":{"line":21,"column":95}},"loc":{"start":{"line":21,"column":98},"end":{"line":41,"column":54}},"line":21},"10":{"name":"(anonymous_10)","decl":{"start":{"line":22,"column":13},"end":{"line":22,"column":14}},"loc":{"start":{"line":22,"column":29},"end":{"line":41,"column":3}},"line":22},"11":{"name":"update","decl":{"start":{"line":31,"column":21},"end":{"line":31,"column":27}},"loc":{"start":{"line":31,"column":42},"end":{"line":38,"column":5}},"line":31},"12":{"name":"(anonymous_12)","decl":{"start":{"line":34,"column":36},"end":{"line":34,"column":37}},"loc":{"start":{"line":34,"column":52},"end":{"line":34,"column":87}},"line":34},"13":{"name":"(anonymous_13)","decl":{"start":{"line":40,"column":8},"end":{"line":40,"column":9}},"loc":{"start":{"line":40,"column":20},"end":{"line":40,"column":46}},"line":40},"14":{"name":"render","decl":{"start":{"line":41,"column":111},"end":{"line":41,"column":117}},"loc":{"start":{"line":43,"column":2},"end":{"line":73,"column":3}},"line":43},"15":{"name":"options","decl":{"start":{"line":89,"column":19},"end":{"line":89,"column":26}},"loc":{"start":{"line":89,"column":34},"end":{"line":91,"column":40}},"line":89},"16":{"name":"props","decl":{"start":{"line":94,"column":17},"end":{"line":94,"column":22}},"loc":{"start":{"line":94,"column":30},"end":{"line":95,"column":26}},"line":94}},"branchMap":{"0":{"loc":{"start":{"line":1,"column":90},"end":{"line":1,"column":321}},"type":"binary-expr","locations":[{"start":{"line":1,"column":90},"end":{"line":1,"column":103}},{"start":{"line":1,"column":107},"end":{"line":1,"column":321}}],"line":1},"1":{"loc":{"start":{"line":1,"column":221},"end":{"line":1,"column":304}},"type":"if","locations":[{"start":{"line":1,"column":221},"end":{"line":1,"column":304}},{"start":{"line":1,"column":221},"end":{"line":1,"column":304}}],"line":1},"2":{"loc":{"start":{"line":1,"column":486},"end":{"line":1,"column":516}},"type":"binary-expr","locations":[{"start":{"line":1,"column":486},"end":{"line":1,"column":507}},{"start":{"line":1,"column":511},"end":{"line":1,"column":516}}],"line":1},"3":{"loc":{"start":{"line":1,"column":548},"end":{"line":1,"column":602}},"type":"if","locations":[{"start":{"line":1,"column":548},"end":{"line":1,"column":602}},{"start":{"line":1,"column":548},"end":{"line":1,"column":602}}],"line":1},"4":{"loc":{"start":{"line":1,"column":718},"end":{"line":1,"column":786}},"type":"if","locations":[{"start":{"line":1,"column":718},"end":{"line":1,"column":786}},{"start":{"line":1,"column":718},"end":{"line":1,"column":786}}],"line":1},"5":{"loc":{"start":{"line":1,"column":786},"end":{"line":1,"column":846}},"type":"if","locations":[{"start":{"line":1,"column":786},"end":{"line":1,"column":846}},{"start":{"line":1,"column":786},"end":{"line":1,"column":846}}],"line":1},"6":{"loc":{"start":{"line":19,"column":134},"end":{"line":19,"column":180}},"type":"cond-expr","locations":[{"start":{"line":19,"column":158},"end":{"line":19,"column":161}},{"start":{"line":19,"column":164},"end":{"line":19,"column":180}}],"line":19},"7":{"loc":{"start":{"line":19,"column":134},"end":{"line":19,"column":155}},"type":"binary-expr","locations":[{"start":{"line":19,"column":134},"end":{"line":19,"column":137}},{"start":{"line":19,"column":141},"end":{"line":19,"column":155}}],"line":19},"8":{"loc":{"start":{"line":19,"column":231},"end":{"line":19,"column":330}},"type":"if","locations":[{"start":{"line":19,"column":231},"end":{"line":19,"column":330}},{"start":{"line":19,"column":231},"end":{"line":19,"column":330}}],"line":19},"9":{"loc":{"start":{"line":19,"column":380},"end":{"line":19,"column":479}},"type":"if","locations":[{"start":{"line":19,"column":380},"end":{"line":19,"column":479}},{"start":{"line":19,"column":380},"end":{"line":19,"column":479}}],"line":19},"10":{"loc":{"start":{"line":19,"column":486},"end":{"line":19,"column":564}},"type":"cond-expr","locations":[{"start":{"line":19,"column":553},"end":{"line":19,"column":557}},{"start":{"line":19,"column":560},"end":{"line":19,"column":564}}],"line":19},"11":{"loc":{"start":{"line":19,"column":486},"end":{"line":19,"column":550}},"type":"binary-expr","locations":[{"start":{"line":19,"column":486},"end":{"line":19,"column":490}},{"start":{"line":19,"column":495},"end":{"line":19,"column":519}},{"start":{"line":19,"column":523},"end":{"line":19,"column":549}}],"line":19},"12":{"loc":{"start":{"line":19,"column":608},"end":{"line":19,"column":771}},"type":"if","locations":[{"start":{"line":19,"column":608},"end":{"line":19,"column":771}},{"start":{"line":19,"column":608},"end":{"line":19,"column":771}}],"line":19},"13":{"loc":{"start":{"line":19,"column":612},"end":{"line":19,"column":667}},"type":"binary-expr","locations":[{"start":{"line":19,"column":612},"end":{"line":19,"column":644}},{"start":{"line":19,"column":648},"end":{"line":19,"column":667}}],"line":19},"14":{"loc":{"start":{"line":19,"column":806},"end":{"line":19,"column":840}},"type":"binary-expr","locations":[{"start":{"line":19,"column":806},"end":{"line":19,"column":816}},{"start":{"line":19,"column":820},"end":{"line":19,"column":840}}],"line":19},"15":{"loc":{"start":{"line":19,"column":935},"end":{"line":19,"column":1053}},"type":"if","locations":[{"start":{"line":19,"column":935},"end":{"line":19,"column":1053}},{"start":{"line":19,"column":935},"end":{"line":19,"column":1053}}],"line":19},"16":{"loc":{"start":{"line":19,"column":951},"end":{"line":19,"column":1052}},"type":"cond-expr","locations":[{"start":{"line":19,"column":975},"end":{"line":19,"column":1018}},{"start":{"line":19,"column":1021},"end":{"line":19,"column":1052}}],"line":19},"17":{"loc":{"start":{"line":21,"column":352},"end":{"line":21,"column":405}},"type":"binary-expr","locations":[{"start":{"line":21,"column":352},"end":{"line":21,"column":370}},{"start":{"line":21,"column":374},"end":{"line":21,"column":405}}],"line":21}},"s":{"0":0,"1":0,"2":0,"3":0,"4":0,"5":0,"6":0,"7":0,"8":0,"9":0,"10":0,"11":0,"12":0,"13":0,"14":0,"15":0,"16":0,"17":0,"18":0,"19":0,"20":0,"21":0,"22":0,"23":0,"24":0,"25":0,"26":0,"27":0,"28":0,"29":0,"30":0,"31":0,"32":0,"33":0,"34":0,"35":0,"36":0,"37":0,"38":0,"39":0,"40":0,"41":0,"42":0,"43":0,"44":0,"45":0,"46":0,"47":0,"48":0,"49":0,"50":0,"51":0,"52":0,"53":0,"54":0,"55":0,"56":0,"57":0,"58":0,"59":0,"60":0,"61":0,"62":0,"63":0,"64":0,"65":0,"66":0,"67":0,"68":0,"69":0,"70":0,"71":0,"72":0,"73":0,"74":0,"75":0,"76":0,"77":0,"78":0},"f":{"0":0,"1":0,"2":0,"3":0,"4":0,"5":0,"6":0,"7":0,"8":0,"9":0,"10":0,"11":0,"12":0,"13":0,"14":0,"15":0,"16":0},"b":{"0":[0,0],"1":[0,0],"2":[0,0],"3":[0,0],"4":[0,0],"5":[0,0],"6":[0,0],"7":[0,0],"8":[0,0],"9":[0,0],"10":[0,0],"11":[0,0,0],"12":[0,0],"13":[0,0],"14":[0,0],"15":[0,0],"16":[0,0],"17":[0,0]}}
,"/root/isina/client/src/containers/EditUser/validate.js": {"path":"/root/isina/client/src/containers/EditUser/validate.js","statementMap":{"0":{"start":{"line":1,"column":13},"end":{"line":1,"column":75}},"1":{"start":{"line":1,"column":90},"end":{"line":17,"column":1}},"2":{"start":{"line":2,"column":14},"end":{"line":2,"column":16}},"3":{"start":{"line":4,"column":1},"end":{"line":6,"column":2}},"4":{"start":{"line":5,"column":2},"end":{"line":5,"column":27}},"5":{"start":{"line":8,"column":1},"end":{"line":10,"column":2}},"6":{"start":{"line":9,"column":2},"end":{"line":9,"column":28}},"7":{"start":{"line":12,"column":1},"end":{"line":14,"column":2}},"8":{"start":{"line":13,"column":2},"end":{"line":13,"column":41}},"9":{"start":{"line":16,"column":1},"end":{"line":16,"column":15}},"10":{"start":{"line":17,"column":2},"end":{"line":19,"column":9}}},"fnMap":{"0":{"name":"validate","decl":{"start":{"line":1,"column":99},"end":{"line":1,"column":107}},"loc":{"start":{"line":1,"column":116},"end":{"line":17,"column":1}},"line":1}},"branchMap":{"0":{"loc":{"start":{"line":4,"column":1},"end":{"line":6,"column":2}},"type":"if","locations":[{"start":{"line":4,"column":1},"end":{"line":6,"column":2}},{"start":{"line":4,"column":1},"end":{"line":6,"column":2}}],"line":4},"1":{"loc":{"start":{"line":8,"column":1},"end":{"line":10,"column":2}},"type":"if","locations":[{"start":{"line":8,"column":1},"end":{"line":10,"column":2}},{"start":{"line":8,"column":1},"end":{"line":10,"column":2}}],"line":8},"2":{"loc":{"start":{"line":12,"column":1},"end":{"line":14,"column":2}},"type":"if","locations":[{"start":{"line":12,"column":1},"end":{"line":14,"column":2}},{"start":{"line":12,"column":1},"end":{"line":14,"column":2}}],"line":12},"3":{"loc":{"start":{"line":12,"column":5},"end":{"line":12,"column":84}},"type":"binary-expr","locations":[{"start":{"line":12,"column":5},"end":{"line":12,"column":17}},{"start":{"line":12,"column":21},"end":{"line":12,"column":84}}],"line":12}},"s":{"0":0,"1":0,"2":0,"3":0,"4":0,"5":0,"6":0,"7":0,"8":0,"9":0,"10":0},"f":{"0":0},"b":{"0":[0,0],"1":[0,0],"2":[0,0],"3":[0,0]}}
,"/root/isina/client/src/containers/MainScreen/index.js": {"path":"/root/isina/client/src/containers/MainScreen/index.js","statementMap":{"0":{"start":{"line":1,"column":13},"end":{"line":1,"column":75}},"1":{"start":{"line":1,"column":94},"end":{"line":1,"column":623}},"2":{"start":{"line":1,"column":149},"end":{"line":1,"column":414}},"3":{"start":{"line":1,"column":206},"end":{"line":1,"column":214}},"4":{"start":{"line":1,"column":215},"end":{"line":1,"column":270}},"5":{"start":{"line":1,"column":270},"end":{"line":1,"column":301}},"6":{"start":{"line":1,"column":301},"end":{"line":1,"column":355}},"7":{"start":{"line":1,"column":328},"end":{"line":1,"column":355}},"8":{"start":{"line":1,"column":355},"end":{"line":1,"column":413}},"9":{"start":{"line":1,"column":415},"end":{"line":1,"column":620}},"10":{"start":{"line":1,"column":471},"end":{"line":1,"column":539}},"11":{"start":{"line":1,"column":487},"end":{"line":1,"column":539}},"12":{"start":{"line":1,"column":539},"end":{"line":1,"column":599}},"13":{"start":{"line":1,"column":556},"end":{"line":1,"column":599}},"14":{"start":{"line":1,"column":599},"end":{"line":1,"column":618}},"15":{"start":{"line":1,"column":637},"end":{"line":1,"column":653}},"16":{"start":{"line":1,"column":668},"end":{"line":1,"column":698}},"17":{"start":{"line":2,"column":17},"end":{"line":2,"column":38}},"18":{"start":{"line":2,"column":57},"end":{"line":2,"column":91}},"19":{"start":{"line":3,"column":19},"end":{"line":3,"column":42}},"20":{"start":{"line":4,"column":14},"end":{"line":4,"column":39}},"21":{"start":{"line":4,"column":55},"end":{"line":4,"column":86}},"22":{"start":{"line":5,"column":22},"end":{"line":5,"column":49}},"23":{"start":{"line":7,"column":13},"end":{"line":7,"column":41}},"24":{"start":{"line":7,"column":56},"end":{"line":7,"column":86}},"25":{"start":{"line":8,"column":13},"end":{"line":8,"column":41}},"26":{"start":{"line":8,"column":56},"end":{"line":8,"column":86}},"27":{"start":{"line":9,"column":14},"end":{"line":9,"column":43}},"28":{"start":{"line":9,"column":59},"end":{"line":9,"column":90}},"29":{"start":{"line":10,"column":16},"end":{"line":10,"column":47}},"30":{"start":{"line":11,"column":16},"end":{"line":11,"column":47}},"31":{"start":{"line":11,"column":65},"end":{"line":11,"column":98}},"32":{"start":{"line":13,"column":13},"end":{"line":13,"column":29}},"33":{"start":{"line":13,"column":68},"end":{"line":13,"column":122}},"34":{"start":{"line":13,"column":157},"end":{"line":13,"column":308}},"35":{"start":{"line":13,"column":182},"end":{"line":13,"column":264}},"36":{"start":{"line":13,"column":246},"end":{"line":13,"column":263}},"37":{"start":{"line":13,"column":264},"end":{"line":13,"column":276}},"38":{"start":{"line":13,"column":284},"end":{"line":13,"column":307}},"39":{"start":{"line":13,"column":358},"end":{"line":13,"column":457}},"40":{"start":{"line":13,"column":399},"end":{"line":13,"column":456}},"41":{"start":{"line":13,"column":507},"end":{"line":13,"column":606}},"42":{"start":{"line":13,"column":519},"end":{"line":13,"column":605}},"43":{"start":{"line":13,"column":606},"end":{"line":13,"column":692}},"44":{"start":{"line":13,"column":735},"end":{"line":13,"column":898}},"45":{"start":{"line":13,"column":797},"end":{"line":13,"column":897}},"46":{"start":{"line":13,"column":898},"end":{"line":13,"column":1062}},"47":{"start":{"line":13,"column":1062},"end":{"line":13,"column":1180}},"48":{"start":{"line":13,"column":1078},"end":{"line":13,"column":1180}},"49":{"start":{"line":19,"column":13},"end":{"line":108,"column":45}},"50":{"start":{"line":19,"column":36},"end":{"line":19,"column":70}},"51":{"start":{"line":19,"column":125},"end":{"line":19,"column":159}},"52":{"start":{"line":19,"column":159},"end":{"line":19,"column":275}},"53":{"start":{"line":19,"column":245},"end":{"line":19,"column":274}},"54":{"start":{"line":19,"column":275},"end":{"line":49,"column":53}},"55":{"start":{"line":25,"column":11},"end":{"line":25,"column":25}},"56":{"start":{"line":27,"column":3},"end":{"line":27,"column":15}},"57":{"start":{"line":29,"column":3},"end":{"line":32,"column":29}},"58":{"start":{"line":29,"column":50},"end":{"line":29,"column":63}},"59":{"start":{"line":29,"column":64},"end":{"line":32,"column":26}},"60":{"start":{"line":31,"column":36},"end":{"line":31,"column":57}},"61":{"start":{"line":37,"column":12},"end":{"line":37,"column":30}},"62":{"start":{"line":38,"column":13},"end":{"line":38,"column":32}},"63":{"start":{"line":40,"column":3},"end":{"line":48,"column":86}},"64":{"start":{"line":47,"column":21},"end":{"line":47,"column":82}},"65":{"start":{"line":47,"column":56},"end":{"line":47,"column":79}},"66":{"start":{"line":48,"column":22},"end":{"line":48,"column":83}},"67":{"start":{"line":48,"column":57},"end":{"line":48,"column":80}},"68":{"start":{"line":49,"column":54},"end":{"line":108,"column":8}},"69":{"start":{"line":51,"column":16},"end":{"line":51,"column":20}},"70":{"start":{"line":52,"column":10},"end":{"line":52,"column":25}},"71":{"start":{"line":53,"column":13},"end":{"line":53,"column":31}},"72":{"start":{"line":55,"column":3},"end":{"line":61,"column":4}},"73":{"start":{"line":56,"column":4},"end":{"line":58,"column":72}},"74":{"start":{"line":63,"column":3},"end":{"line":102,"column":53}},"75":{"start":{"line":76,"column":51},"end":{"line":76,"column":61}},"76":{"start":{"line":76,"column":68},"end":{"line":76,"column":77}},"77":{"start":{"line":76,"column":86},"end":{"line":76,"column":97}},"78":{"start":{"line":76,"column":98},"end":{"line":87,"column":49}},"79":{"start":{"line":108,"column":8},"end":{"line":108,"column":26}},"80":{"start":{"line":111,"column":0},"end":{"line":113,"column":36}},"81":{"start":{"line":113,"column":36},"end":{"line":121,"column":12}}},"fnMap":{"0":{"name":"(anonymous_0)","decl":{"start":{"line":1,"column":94},"end":{"line":1,"column":95}},"loc":{"start":{"line":1,"column":106},"end":{"line":1,"column":621}},"line":1},"1":{"name":"defineProperties","decl":{"start":{"line":1,"column":116},"end":{"line":1,"column":132}},"loc":{"start":{"line":1,"column":148},"end":{"line":1,"column":415}},"line":1},"2":{"name":"(anonymous_2)","decl":{"start":{"line":1,"column":422},"end":{"line":1,"column":423}},"loc":{"start":{"line":1,"column":470},"end":{"line":1,"column":619}},"line":1},"3":{"name":"_interopRequireDefault","decl":{"start":{"line":13,"column":39},"end":{"line":13,"column":61}},"loc":{"start":{"line":13,"column":67},"end":{"line":13,"column":123}},"line":13},"4":{"name":"_toConsumableArray","decl":{"start":{"line":13,"column":132},"end":{"line":13,"column":150}},"loc":{"start":{"line":13,"column":156},"end":{"line":13,"column":309}},"line":13},"5":{"name":"_classCallCheck","decl":{"start":{"line":13,"column":318},"end":{"line":13,"column":333}},"loc":{"start":{"line":13,"column":357},"end":{"line":13,"column":458}},"line":13},"6":{"name":"_possibleConstructorReturn","decl":{"start":{"line":13,"column":467},"end":{"line":13,"column":493}},"loc":{"start":{"line":13,"column":506},"end":{"line":13,"column":693}},"line":13},"7":{"name":"_inherits","decl":{"start":{"line":13,"column":702},"end":{"line":13,"column":711}},"loc":{"start":{"line":13,"column":734},"end":{"line":13,"column":1181}},"line":13},"8":{"name":"(anonymous_8)","decl":{"start":{"line":19,"column":13},"end":{"line":19,"column":14}},"loc":{"start":{"line":19,"column":35},"end":{"line":108,"column":27}},"line":19},"9":{"name":"MainScreen","decl":{"start":{"line":19,"column":79},"end":{"line":19,"column":89}},"loc":{"start":{"line":19,"column":92},"end":{"line":49,"column":54}},"line":19},"10":{"name":"(anonymous_10)","decl":{"start":{"line":24,"column":25},"end":{"line":24,"column":26}},"loc":{"start":{"line":24,"column":38},"end":{"line":34,"column":3}},"line":24},"11":{"name":"(anonymous_11)","decl":{"start":{"line":29,"column":18},"end":{"line":29,"column":19}},"loc":{"start":{"line":29,"column":35},"end":{"line":32,"column":27}},"line":29},"12":{"name":"(anonymous_12)","decl":{"start":{"line":31,"colum
[...]
,"/root/isina/client/src/redux/reducer.js": {"path":"/root/isina/client/src/redux/reducer.js","statementMap":{"0":{"start":{"line":1,"column":13},"end":{"line":1,"column":75}},"1":{"start":{"line":1,"column":88},"end":{"line":1,"column":104}},"2":{"start":{"line":2,"column":17},"end":{"line":2,"column":38}},"3":{"start":{"line":4,"column":15},"end":{"line":4,"column":48}},"4":{"start":{"line":4,"column":65},"end":{"line":4,"column":97}},"5":{"start":{"line":5,"column":16},"end":{"line":5,"column":53}},"6":{"start":{"line":5,"column":70},"end":{"line":5,"column":103}},"7":{"start":{"line":5,"column":142},"end":{"line":5,"column":196}},"8":{"start":{"line":7,"column":18},"end":{"line":10,"column":35}},"9":{"start":{"line":10,"column":36},"end":{"line":13,"column":12}}},"fnMap":{"0":{"name":"_interopRequireDefault","decl":{"start":{"line":5,"column":113},"end":{"line":5,"column":135}},"loc":{"start":{"line":5,"column":141},"end":{"line":5,"column":197}},"line":5}},"branchMap":{"0":{"loc":{"start":{"line":5,"column":149},"end":{"line":5,"column":195}},"type":"cond-expr","locations":[{"start":{"line":5,"column":173},"end":{"line":5,"column":176}},{"start":{"line":5,"column":179},"end":{"line":5,"column":195}}],"line":5},"1":{"loc":{"start":{"line":5,"column":149},"end":{"line":5,"column":170}},"type":"binary-expr","locations":[{"start":{"line":5,"column":149},"end":{"line":5,"column":152}},{"start":{"line":5,"column":156},"end":{"line":5,"column":170}}],"line":5}},"s":{"0":0,"1":0,"2":0,"3":0,"4":0,"5":0,"6":0,"7":0,"8":0,"9":0},"f":{"0":0},"b":{"0":[0,0],"1":[0,0]}}
,"/root/isina/client/src/redux/apiError/actions.js": {"path":"/root/isina/client/src/redux/apiError/actions.js","statementMap":{"0":{"start":{"line":1,"column":13},"end":{"line":1,"column":75}},"1":{"start":{"line":1,"column":75},"end":{"line":1,"column":132}},"2":{"start":{"line":1,"column":148},"end":{"line":1,"column":168}},"3":{"start":{"line":3,"column":18},"end":{"line":3,"column":84}},"4":{"start":{"line":4,"column":21},"end":{"line":4,"column":93}}},"fnMap":{},"branchMap":{},"s":{"0":0,"1":0,"2":0,"3":0,"4":0},"f":{},"b":{}}
,"/root/isina/client/src/redux/apiError/reducer.js": {"path":"/root/isina/client/src/redux/apiError/reducer.js","statementMap":{"0":{"start":{"line":1,"column":13},"end":{"line":1,"column":75}},"1":{"start":{"line":1,"column":109},"end":{"line":1,"column":340}},"2":{"start":{"line":1,"column":145},"end":{"line":1,"column":325}},"3":{"start":{"line":1,"column":202},"end":{"line":1,"column":214}},"4":{"start":{"line":1,"column":215},"end":{"line":1,"column":324}},"5":{"start":{"line":1,"column":240},"end":{"line":1,"column":323}},"6":{"start":{"line":1,"column":296},"end":{"line":1,"column":322}},"7":{"start":{"line":1,"column":325},"end":{"line":1,"column":339}},"8":{"start":{"line":1,"column":357},"end":{"line":1,"column":377}},"9":{"start":{"line":2,"column":15},"end":{"line":2,"column":35}},"10":{"start":{"line":2,"column":50},"end":{"line":2,"column":83}},"11":{"start":{"line":2,"column":123},"end":{"line":2,"column":339}},"12":{"start":{"line":2,"column":151},"end":{"line":2,"column":162}},"13":{"start":{"line":2,"column":183},"end":{"line":2,"column":185}},"14":{"start":{"line":2,"column":186},"end":{"line":2,"column":303}},"15":{"start":{"line":2,"column":204},"end":{"line":2,"column":302}},"16":{"start":{"line":2,"column":226},"end":{"line":2,"column":301}},"17":{"start":{"line":2,"column":278},"end":{"line":2,"column":301}},"18":{"start":{"line":2,"column":303},"end":{"line":2,"column":324}},"19":{"start":{"line":2,"column":324},"end":{"line":2,"column":338}},"20":{"start":{"line":2,"column":399},"end":{"line":2,"column":401}},"21":{"start":{"line":2,"column":402},"end":{"line":2,"column":537}},"22":{"start":{"line":2,"column":422},"end":{"line":2,"column":457}},"23":{"start":{"line":2,"column":448},"end":{"line":2,"column":457}},"24":{"start":{"line":2,"column":457},"end":{"line":2,"column":517}},"25":{"start":{"line":2,"column":508},"end":{"line":2,"column":517}},"26":{"start":{"line":2,"column":517},"end":{"line":2,"column":536}},"27":{"start":{"line":2,"column":537},"end":{"line":2,"column":551}},"28":{"start":{"line":2,"column":595},"end":{"line":2,"column":742}},"29":{"start":{"line":2,"column":612},"end":{"line":2,"column":716}},"30":{"start":{"line":2,"column":724},"end":{"line":2,"column":741}},"31":{"start":{"line":2,"column":742},"end":{"line":2,"column":753}},"32":{"start":{"line":4,"column":19},"end":{"line":4,"column":21}},"33":{"start":{"line":6,"column":22},"end":{"line":21,"column":13}},"34":{"start":{"line":7,"column":54},"end":{"line":7,"column":61}},"35":{"start":{"line":7,"column":70},"end":{"line":7,"column":80}},"36":{"start":{"line":7,"column":81},"end":{"line":11,"column":17}},"37":{"start":{"line":15,"column":1},"end":{"line":15,"column":13}},"38":{"start":{"line":15,"column":18},"end":{"line":15,"column":35}},"39":{"start":{"line":15,"column":52},"end":{"line":15,"column":97}},"40":{"start":{"line":16,"column":1},"end":{"line":18,"column":27}},"41":{"start":{"line":21,"column":14},"end":{"line":23,"column":16}}},"fnMap":{"0":{"name":"(anonymous_0)","decl":{"start":{"line":1,"column":126},"end":{"line":1,"column":127}},"loc":{"start":{"line":1,"column":144},"end":{"line":1,"column":340}},"line":1},"1":{"name":"_interopRequireWildcard","decl":{"start":{"line":2,"column":93},"end":{"line":2,"column":116}},"loc":{"start":{"line":2,"column":122},"end":{"line":2,"column":340}},"line":2},"2":{"name":"_objectWithoutProperties","decl":{"start":{"line":2,"column":349},"end":{"line":2,"column":373}},"loc":{"start":{"line":2,"column":385},"end":{"line":2,"column":552}},"line":2},"3":{"name":"_defineProperty","decl":{"start":{"line":2,"column":561},"end":{"line":2,"column":576}},"loc":{"start":{"line":2,"column":594},"end":{"line":2,"column":754}},"line":2},"4":{"name":"(anonymous_4)","decl":{"start":{"line":7,"column":21},"end":{"line":7,"column":22}},"loc":{"start":{"line":7,"column":44},"end":{"line":11,"column":18}},"line":7},"5":{"name":"(anonymous_5)","decl":{"start":{"line":14,"column":24},"end":{"line":14,"column":25}},"loc":{"start":{"line":14,"column":45},"end":{"line":20,"column":1}},"line":14}},"branchMap":{"0":{"loc":{"start":{"line":1,"column":109},"end":{"line":1,"column":340}},"type":"binary-expr","locations":[{"start":{"line":1,"column":109},"end":{"line":1,"column":122}},{"start":{"line":1,"column":126},"end":{"line":1,"column":340}}],"line":1},"1":{"loc":{"start":{"line":1,"column":240},"end":{"line":1,"column":323}},"type":"if","locations":[{"start":{"line":1,"column":240},"end":{"line":1,"column":323}},{"start":{"line":1,"column":240},"end":{"line":1,"column":323}}],"line":1},"2":{"loc":{"start":{"line":2,"column":123},"end":{"line":2,"column":339}},"type":"if","locations":[{"start":{"line":2,"column":123},"end":{"line":2,"column":339}},{"start":{"line":2,"column":123},"end":{"line":2,"column":339}}],"line":2},"3":{"loc":{"start":{"line":2,"column":127},"end":{"line":2,"column":148}},"type":"binary-expr","locations":[{"start":{"line":2,"column":127},"end":{"line":2,"column":130}},{"start":{"line":2,"column":134},"end":{"line":2,"column":148}}],"line":2},"4":{"loc":{"start":{"line":2,"column":186},"end":{"line":2,"column":303}},"type":"if","locations":[{"start":{"line":2,"column":186},"end":{"line":2,"column":303}},{"start":{"line":2,"column":186},"end":{"line":2,"column":303}}],"line":2},"5":{"loc":{"start":{"line":2,"column":226},"end":{"line":2,"column":301}},"type":"if","locations":[{"start":{"line":2,"column":226},"end":{"line":2,"column":301}},{"start":{"line":2,"column":226},"end":{"line":2,"column":301}}],"line":2},"6":{"loc":{"start":{"line":2,"column":422},"end":{"line":2,"column":457}},"type":"if","locations":[{"start":{"line":2,"column":422},"end":{"line":2,"column":457}},{"start":{"line":2,"column":422},"end":{"line":2,"column":457}}],"line":2},"7":{"loc":{"start":{"line":2,"column":457},"end":{"line":2,"column":517}},"type":"if","locations":[{"start":{"line":2,"column":457},"end":{"line":2,"column":517}},{"start":{"line":2,"column":457},"end":{"line":2,"column":517}}],"line":2},"8":{"loc":{"start":{"line":2,"column":595},"end":{"line":2,"column":742}},"type":"if","locations":[{"start":{"line":2,"column":595},"end":{"line":2,"column":742}},{"start":{"line":2,"column":595},"end":{"line":2,"column":742}}],"line":2}},"s":{"0":0,"1":0,"2":0,"3":0,"4":0,"5":0,"6":0,"7":0,"8":0,"9":0,"10":0,"11":0,"12":0,"13":0,"14":0,"15":0,"16":0,"17":0,"18":0,"19":0,"20":0,"21":0,"22":0,"23":0,"24":0,"25":0,"26":0,"27":0,"28":0,"29":0,"30":0,"31":0,"32":0,"33":0,"34":0,"35":0,"36":0,"37":0,"38":0,"39":0,"40":0,"41":0},"f":{"0":0,"1":0,"2":0,"3":0,"4":0,"5":0},"b":{"0":[0,0],"1":[0,0],"2":[0,0],"3":[0,0],"4":[0,0],"5":[0,0],"6":[0,0],"7":[0,0],"8":[0,0]}}
,"/root/isina/client/src/redux/apiError/selectors.js": {"path":"/root/isina/client/src/redux/apiError/selectors.js","statementMap":{"0":{"start":{"line":1,"column":13},"end":{"line":1,"column":75}},"1":{"start":{"line":1,"column":75},"end":{"line":1,"column":105}},"2":{"start":{"line":1,"column":121},"end":{"line":1,"column":140}},"3":{"start":{"line":3,"column":23},"end":{"line":3,"column":80}},"4":{"start":{"line":3,"column":57},"end":{"line":3,"column":79}},"5":{"start":{"line":5,"column":16},"end":{"line":9,"column":8}},"6":{"start":{"line":7,"column":30},"end":{"line":7,"column":41}},"7":{"start":{"line":7,"column":42},"end":{"line":9,"column":6}}},"fnMap":{"0":{"name":"apiErrorSelector","decl":{"start":{"line":3,"column":32},"end":{"line":3,"column":48}},"loc":{"start":{"line":3,"column":56},"end":{"line":3,"column":80}},"line":3},"1":{"name":"(anonymous_1)","decl":{"start":{"line":7,"column":0},"end":{"line":7,"column":1}},"loc":{"start":{"line":7,"column":16},"end":{"line":9,"column":7}},"line":7}},"branchMap":{"0":{"loc":{"start":{"line":7,"column":49},"end":{"line":9,"column":5}},"type":"cond-expr","locations":[{"start":{"line":8,"column":1},"end":{"line":8,"column":22}},{"start":{"line":9,"column":1},"end":{"line":9,"column":5}}],"line":7}},"s":{"0":0,"1":0,"2":0,"3":0,"4":0,"5":0,"6":0,"7":0},"f":{"0":0,"1":0},"b":{"0":[0,0]}}
,"/root/isina/client/src/redux/networkError/actions.js": {"path":"/root/isina/client/src/redux/networkError/actions.js","statementMap":{"0":{"start":{"line":1,"column":13},"end":{"line":1,"column":75}},"1":{"start":{"line":1,"column":75},"end":{"line":1,"column":140}},"2":{"start":{"line":1,"column":156},"end":{"line":1,"column":176}},"3":{"start":{"line":3,"column":22},"end":{"line":3,"column":96}},"4":{"start":{"line":4,"column":25},"end":{"line":4,"column":105}}},"fnMap":{},"branchMap":{},"s":{"0":0,"1":0,"2":0,"3":0,"4":0},"f":{},"b":{}}
,"/root/isina/client/src/redux/networkError/reducer.js": {"path":"/root/isina/client/src/redux/networkError/reducer.js","statementMap":{"0":{"start":{"line":1,"column":13},"end":{"line":1,"column":75}},"1":{"start":{"line":1,"column":109},"end":{"line":1,"column":340}},"2":{"start":{"line":1,"column":145},"end":{"line":1,"column":325}},"3":{"start":{"line":1,"column":202},"end":{"line":1,"column":214}},"4":{"start":{"line":1,"column":215},"end":{"line":1,"column":324}},"5":{"start":{"line":1,"column":240},"end":{"line":1,"column":323}},"6":{"start":{"line":1,"column":296},"end":{"line":1,"column":322}},"7":{"start":{"line":1,"column":325},"end":{"line":1,"column":339}},"8":{"start":{"line":1,"column":357},"end":{"line":1,"column":377}},"9":{"start":{"line":2,"column":15},"end":{"line":2,"column":35}},"10":{"start":{"line":2,"column":50},"end":{"line":2,"column":83}},"11":{"start":{"line":2,"column":123},"end":{"line":2,"column":339}},"12":{"start":{"line":2,"column":151},"end":{"line":2,"column":162}},"13":{"start":{"line":2,"column":183},"end":{"line":2,"column":185}},"14":{"start":{"line":2,"column":186},"end":{"line":2,"column":303}},"15":{"start":{"line":2,"column":204},"end":{"line":2,"column":302}},"16":{"start":{"line":2,"column":226},"end":{"line":2,"column":301}},"17":{"start":{"line":2,"column":278},"end":{"line":2,"column":301}},"18":{"start":{"line":2,"column":303},"end":{"line":2,"column":324}},"19":{"start":{"line":2,"column":324},"end":{"line":2,"column":338}},"20":{"start":{"line":2,"column":399},"end":{"line":2,"column":401}},"21":{"start":{"line":2,"column":402},"end":{"line":2,"column":537}},"22":{"start":{"line":2,"column":422},"end":{"line":2,"column":457}},"23":{"start":{"line":2,"column":448},"end":{"line":2,"column":457}},"24":{"start":{"line":2,"column":457},"end":{"line":2,"column":517}},"25":{"start":{"line":2,"column":508},"end":{"line":2,"column":517}},"26":{"start":{"line":2,"column":517},"end":{"line":2,"column":536}},"27":{"start":{"line":2,"column":537},"end":{"line":2,"column":551}},"28":{"start":{"line":2,"column":595},"end":{"line":2,"column":742}},"29":{"start":{"line":2,"column":612},"end":{"line":2,"column":716}},"30":{"start":{"line":2,"column":724},"end":{"line":2,"column":741}},"31":{"start":{"line":2,"column":742},"end":{"line":2,"column":753}},"32":{"start":{"line":4,"column":19},"end":{"line":4,"column":21}},"33":{"start":{"line":6,"column":26},"end":{"line":21,"column":13}},"34":{"start":{"line":7,"column":58},"end":{"line":7,"column":65}},"35":{"start":{"line":7,"column":74},"end":{"line":7,"column":84}},"36":{"start":{"line":7,"column":85},"end":{"line":11,"column":17}},"37":{"start":{"line":15,"column":1},"end":{"line":15,"column":13}},"38":{"start":{"line":15,"column":18},"end":{"line":15,"column":35}},"39":{"start":{"line":15,"column":52},"end":{"line":15,"column":97}},"40":{"start":{"line":16,"column":1},"end":{"line":18,"column":27}},"41":{"start":{"line":21,"column":14},"end":{"line":23,"column":20}}},"fnMap":{"0":{"name":"(anonymous_0)","decl":{"start":{"line":1,"column":126},"end":{"line":1,"column":127}},"loc":{"start":{"line":1,"column":144},"end":{"line":1,"column":340}},"line":1},"1":{"name":"_interopRequireWildcard","decl":{"start":{"line":2,"column":93},"end":{"line":2,"column":116}},"loc":{"start":{"line":2,"column":122},"end":{"line":2,"column":340}},"line":2},"2":{"name":"_objectWithoutProperties","decl":{"start":{"line":2,"column":349},"end":{"line":2,"column":373}},"loc":{"start":{"line":2,"column":385},"end":{"line":2,"column":552}},"line":2},"3":{"name":"_defineProperty","decl":{"start":{"line":2,"column":561},"end":{"line":2,"column":576}},"loc":{"start":{"line":2,"column":594},"end":{"line":2,"column":754}},"line":2},"4":{"name":"(anonymous_4)","decl":{"start":{"line":7,"column":25},"end":{"line":7,"column":26}},"loc":{"start":{"line":7,"column":48},"end":{"line":11,"column":18}},"line":7},"5":{"name":"(anonymous_5)","decl":{"start":{"line":14,"column":28},"end":{"line":14,"column":29}},"loc":{"start":{"line":14,"column":49},"end":{"line":20,"column":1}},"line":14}},"branchMap":{"0":{"loc":{"start":{"line":1,"column":109},"end":{"line":1,"column":340}},"type":"binary-expr","locations":[{"start":{"line":1,"column":109},"end":{"line":1,"column":122}},{"start":{"line":1,"column":126},"end":{"line":1,"column":340}}],"line":1},"1":{"loc":{"start":{"line":1,"column":240},"end":{"line":1,"column":323}},"type":"if","locations":[{"start":{"line":1,"column":240},"end":{"line":1,"column":323}},{"start":{"line":1,"column":240},"end":{"line":1,"column":323}}],"line":1},"2":{"loc":{"start":{"line":2,"column":123},"end":{"line":2,"column":339}},"type":"if","locations":[{"start":{"line":2,"column":123},"end":{"line":2,"column":339}},{"start":{"line":2,"column":123},"end":{"line":2,"column":339}}],"line":2},"3":{"loc":{"start":{"line":2,"column":127},"end":{"line":2,"column":148}},"type":"binary-expr","locations":[{"start":{"line":2,"column":127},"end":{"line":2,"column":130}},{"start":{"line":2,"column":134},"end":{"line":2,"column":148}}],"line":2},"4":{"loc":{"start":{"line":2,"column":186},"end":{"line":2,"column":303}},"type":"if","locations":[{"start":{"line":2,"column":186},"end":{"line":2,"column":303}},{"start":{"line":2,"column":186},"end":{"line":2,"column":303}}],"line":2},"5":{"loc":{"start":{"line":2,"column":226},"end":{"line":2,"column":301}},"type":"if","locations":[{"start":{"line":2,"column":226},"end":{"line":2,"column":301}},{"start":{"line":2,"column":226},"end":{"line":2,"column":301}}],"line":2},"6":{"loc":{"start":{"line":2,"column":422},"end":{"line":2,"column":457}},"type":"if","locations":[{"start":{"line":2,"column":422},"end":{"line":2,"column":457}},{"start":{"line":2,"column":422},"end":{"line":2,"column":457}}],"line":2},"7":{"loc":{"start":{"line":2,"column":457},"end":{"line":2,"column":517}},"type":"if","locations":[{"start":{"line":2,"column":457},"end":{"line":2,"column":517}},{"start":{"line":2,"column":457},"end":{"line":2,"column":517}}],"line":2},"8":{"loc":{"start":{"line":2,"column":595},"end":{"line":2,"column":742}},"type":"if","locations":[{"start":{"line":2,"column":595},"end":{"line":2,"column":742}},{"start":{"line":2,"column":595},"end":{"line":2,"column":742}}],"line":2}},"s":{"0":0,"1":0,"2":0,"3":0,"4":0,"5":0,"6":0,"7":0,"8":0,"9":0,"10":0,"11":0,"12":0,"13":0,"14":0,"15":0,"16":0,"17":0,"18":0,"19":0,"20":0,"21":0,"22":0,"23":0,"24":0,"25":0,"26":0,"27":0,"28":0,"29":0,"30":0,"31":0,"32":0,"33":0,"34":0,"35":0,"36":0,"37":0,"38":0,"39":0,"40":0,"41":0},"f":{"0":0,"1":0,"2":0,"3":0,"4":0,"5":0},"b":{"0":[0,0],"1":[0,0],"2":[0,0],"3":[0,0],"4":[0,0],"5":[0,0],"6":[0,0],"7":[0,0],"8":[0,0]}}
,"/root/isina/client/src/redux/networkError/selectors.js": {"path":"/root/isina/client/src/redux/networkError/selectors.js","statementMap":{"0":{"start":{"line":1,"column":13},"end":{"line":1,"column":75}},"1":{"start":{"line":1,"column":75},"end":{"line":1,"column":109}},"2":{"start":{"line":1,"column":125},"end":{"line":1,"column":144}},"3":{"start":{"line":3,"column":27},"end":{"line":3,"column":92}},"4":{"start":{"line":3,"column":65},"end":{"line":3,"column":91}},"5":{"start":{"line":5,"column":20},"end":{"line":9,"column":8}},"6":{"start":{"line":7,"column":30},"end":{"line":7,"column":41}},"7":{"start":{"line":7,"column":42},"end":{"line":9,"column":6}}},"fnMap":{"0":{"name":"networkErrorSelector","decl":{"start":{"line":3,"column":36},"end":{"line":3,"column":56}},"loc":{"start":{"line":3,"column":64},"end":{"line":3,"column":92}},"line":3},"1":{"name":"(anonymous_1)","decl":{"start":{"line":7,"column":0},"end":{"line":7,"column":1}},"loc":{"start":{"line":7,"column":16},"end":{"line":9,"column":7}},"line":7}},"branchMap":{"0":{"loc":{"start":{"line":7,"column":49},"end":{"line":9,"column":5}},"type":"cond-expr","locations":[{"start":{"line":8,"column":1},"end":{"line":8,"column":22}},{"start":{"line":9,"column":1},"end":{"line":9,"column":5}}],"line":7}},"s":{"0":0,"1":0,"2":0,"3":0,"4":0,"5":0,"6":0,"7":0},"f":{"0":0,"1":0},"b":{"0":[0,0]}}
,"/root/isina/client/src/utils/theme.js": {"path":"/root/isina/client/src/utils/theme.js","statementMap":{"0":{"start":{"line":1,"column":14},"end":{"line":10,"column":1}}},"fnMap":{},"branchMap":{},"s":{"0":1},"f":{},"b":{},"_coverageSchema":"332fd63041d2c1bcb487cc26dd0d5f7d97098a6c","hash":"0f5dac25c1d3400b1692f8d850bcacb3932496f5"}
}
