TN:
SF:/root/isina/client/src/client.js
FN:11,_interopRequireDefault
FN:13,(anonymous_1)
FN:15,(anonymous_2)
FNF:3
FNH:0
FNDA:0,_interopRequireDefault
FNDA:0,(anonymous_1)
FNDA:0,(anonymous_2)
DA:1,0
DA:2,0
DA:3,0
DA:4,0
DA:5,0
DA:6,0
DA:8,0
DA:9,0
DA:11,0
DA:13,0
DA:14,0
DA:15,0
DA:16,0
DA:17,0
DA:24,0
DA:25,0
DA:26,0
DA:33,0
DA:35,0
DA:40,0
DA:42,0
LF:21
LH:0
BRDA:11,0,0,0
BRDA:11,0,1,0
BRDA:11,1,0,0
BRDA:11,1,1,0
BRDA:14,2,0,0
BRDA:14,2,1,0
BRDA:24,3,0,0
BRDA:24,3,1,0
BRF:8
BRH:0
end_of_record
TN:
SF:/root/isina/client/src/constants.js
FNF:0
FNH:0
LF:0
LH:0
BRF:0
BRH:0
end_of_record
TN:
SF:/root/isina/client/src/query.js
FN:1,_interopRequireDefault
FN:1,_taggedTemplateLiteral
FNF:2
FNH:0
FNDA:0,_interopRequireDefault
FNDA:0,_taggedTemplateLiteral
DA:1,0
DA:3,0
DA:13,0
DA:23,0
DA:33,0
DA:43,0
LF:6
LH:0
BRDA:1,0,0,0
BRDA:1,0,1,0
BRDA:1,1,0,0
BRDA:1,1,1,0
BRF:4
BRH:0
end_of_record
TN:
SF:/root/isina/client/src/app/asyncRoute.js
FN:1,(anonymous_0)
FN:1,defineProperties
FN:1,(anonymous_2)
FN:6,_interopRequireDefault
FN:6,_classCallCheck
FN:6,_possibleConstructorReturn
FN:6,_inherits
FN:6,moduleDefautExport
FN:6,asyncRoute
FN:7,(anonymous_9)
FN:7,AsyncRoute
FN:9,componentWillMount
FN:16,(anonymous_12)
FN:17,(anonymous_13)
FN:23,render
FNF:15
FNH:0
FNDA:0,(anonymous_0)
FNDA:0,defineProperties
FNDA:0,(anonymous_2)
FNDA:0,_interopRequireDefault
FNDA:0,_classCallCheck
FNDA:0,_possibleConstructorReturn
FNDA:0,_inherits
FNDA:0,moduleDefautExport
FNDA:0,asyncRoute
FNDA:0,(anonymous_9)
FNDA:0,AsyncRoute
FNDA:0,componentWillMount
FNDA:0,(anonymous_12)
FNDA:0,(anonymous_13)
FNDA:0,render
DA:1,0
DA:6,0
DA:7,0
DA:9,0
DA:12,0
DA:13,0
DA:14,0
DA:17,0
DA:26,0
DA:28,0
DA:31,0
LF:11
LH:0
BRDA:1,0,0,0
BRDA:1,0,1,0
BRDA:1,1,0,0
BRDA:1,1,1,0
BRDA:1,2,0,0
BRDA:1,2,1,0
BRDA:1,3,0,0
BRDA:1,3,1,0
BRDA:6,4,0,0
BRDA:6,4,1,0
BRDA:6,5,0,0
BRDA:6,5,1,0
BRDA:6,6,0,0
BRDA:6,6,1,0
BRDA:6,7,0,0
BRDA:6,7,1,0
BRDA:6,8,0,0
BRDA:6,8,1,0
BRDA:6,9,0,0
BRDA:6,9,1,0
BRDA:6,9,2,0
BRDA:6,10,0,0
BRDA:6,10,1,0
BRDA:6,11,0,0
BRDA:6,11,1,0
BRDA:6,12,0,0
BRDA:6,12,1,0
BRDA:6,13,0,0
BRDA:6,13,1,0
BRDA:6,14,0,0
BRDA:6,14,1,0
BRDA:6,15,0,0
BRDA:6,15,1,0
BRDA:7,16,0,0
BRDA:7,16,1,0
BRDA:13,17,0,0
BRDA:13,17,1,0
BRDA:28,18,0,0
BRDA:28,18,1,0
BRF:39
BRH:0
end_of_record
TN:
SF:/root/isina/client/src/app/index.js
FN:8,_interopRequireDefault
FN:10,(anonymous_1)
FN:15,(anonymous_2)
FN:20,(anonymous_3)
FN:25,(anonymous_4)
FN:30,App
FNF:6
FNH:0
FNDA:0,_interopRequireDefault
FNDA:0,(anonymous_1)
FNDA:0,(anonymous_2)
FNDA:0,(anonymous_3)
FNDA:0,(anonymous_4)
FNDA:0,App
DA:1,0
DA:2,0
DA:3,0
DA:4,0
DA:6,0
DA:8,0
DA:10,0
DA:15,0
DA:20,0
DA:25,0
DA:30,0
DA:47,0
DA:48,0
LF:13
LH:0
BRDA:8,0,0,0
BRDA:8,0,1,0
BRDA:8,1,0,0
BRDA:8,1,1,0
BRF:4
BRH:0
end_of_record
TN:
SF:/root/isina/client/src/app/styles.js
FN:1,_interopRequireDefault
FN:1,_taggedTemplateLiteral
FNF:2
FNH:0
FNDA:0,_interopRequireDefault
FNDA:0,_taggedTemplateLiteral
DA:1,0
DA:3,0
DA:8,0
DA:14,0
LF:4
LH:0
BRDA:1,0,0,0
BRDA:1,0,1,0
BRDA:1,1,0,0
BRDA:1,1,1,0
BRF:4
BRH:0
end_of_record
TN:
SF:/root/isina/client/src/components/Form/index.js
FN:1,_interopRequireDefault
FN:1,_taggedTemplateLiteral
FNF:2
FNH:0
FNDA:0,_interopRequireDefault
FNDA:0,_taggedTemplateLiteral
DA:1,0
DA:3,0
LF:2
LH:0
BRDA:1,0,0,0
BRDA:1,0,1,0
BRDA:1,1,0,0
BRDA:1,1,1,0
BRF:4
BRH:0
end_of_record
TN:
SF:/root/isina/client/src/components/Input/index.js
FN:11,(anonymous_0)
FNF:1
FNH:1
FNDA:3,(anonymous_0)
DA:11,1
DA:12,3
DA:27,1
LF:3
LH:3
BRDA:19,0,0,3
BRDA:19,0,1,2
BRDA:19,0,2,2
BRDA:22,1,0,3
BRDA:22,1,1,2
BRDA:22,1,2,1
BRF:6
BRH:6
end_of_record
TN:
SF:/root/isina/client/src/components/Input/styles.js
FN:30,(anonymous_0)
FNF:1
FNH:0
FNDA:0,(anonymous_0)
DA:4,1
DA:15,1
DA:24,1
DA:30,0
DA:33,1
LF:5
LH:4
BRDA:30,0,0,0
BRDA:30,0,1,0
BRF:2
BRH:0
end_of_record
TN:
SF:/root/isina/client/src/containers/AppNotifications/index.js
FN:1,(anonymous_0)
FN:1,defineProperties
FN:1,(anonymous_2)
FN:13,_interopRequireDefault
FN:13,_classCallCheck
FN:13,_possibleConstructorReturn
FN:13,_inherits
FN:26,(anonymous_7)
FN:26,AppNotifications
FN:26,render
FN:33,(anonymous_10)
FN:42,onClose
FN:52,onClick
FN:62,(anonymous_13)
FN:71,onClose
FN:81,onClick
FNF:16
FNH:0
FNDA:0,(anonymous_0)
FNDA:0,defineProperties
FNDA:0,(anonymous_2)
FNDA:0,_interopRequireDefault
FNDA:0,_classCallCheck
FNDA:0,_possibleConstructorReturn
FNDA:0,_inherits
FNDA:0,(anonymous_7)
FNDA:0,AppNotifications
FNDA:0,render
FNDA:0,(anonymous_10)
FNDA:0,onClose
FNDA:0,onClick
FNDA:0,(anonymous_13)
FNDA:0,onClose
FNDA:0,onClick
DA:1,0
DA:2,0
DA:3,0
DA:4,0
DA:6,0
DA:7,0
DA:8,0
DA:9,0
DA:11,0
DA:12,0
DA:13,0
DA:16,0
DA:21,0
DA:26,0
DA:28,0
DA:30,0
DA:32,0
DA:33,0
DA:42,0
DA:52,0
DA:61,0
DA:62,0
DA:71,0
DA:81,0
DA:90,0
DA:93,0
DA:96,0
DA:100,0
LF:28
LH:0
BRDA:1,0,0,0
BRDA:1,0,1,0
BRDA:1,1,0,0
BRDA:1,1,1,0
BRDA:1,2,0,0
BRDA:1,2,1,0
BRDA:1,3,0,0
BRDA:1,3,1,0
BRDA:13,4,0,0
BRDA:13,4,1,0
BRDA:13,5,0,0
BRDA:13,5,1,0
BRDA:13,6,0,0
BRDA:13,6,1,0
BRDA:13,7,0,0
BRDA:13,7,1,0
BRDA:13,8,0,0
BRDA:13,8,1,0
BRDA:13,9,0,0
BRDA:13,9,1,0
BRDA:13,9,2,0
BRDA:13,10,0,0
BRDA:13,10,1,0
BRDA:13,11,0,0
BRDA:13,11,1,0
BRDA:13,12,0,0
BRDA:13,12,1,0
BRDA:13,13,0,0
BRDA:13,13,1,0
BRDA:13,14,0,0
BRDA:13,14,1,0
BRDA:26,15,0,0
BRDA:26,15,1,0
BRDA:32,16,0,0
BRDA:32,16,1,0
BRDA:32,17,0,0
BRDA:32,17,1,0
BRDA:46,18,0,0
BRDA:46,18,1,0
BRDA:61,19,0,0
BRDA:61,19,1,0
BRDA:61,20,0,0
BRDA:61,20,1,0
BRDA:90,21,0,0
BRDA:90,21,1,0
BRF:45
BRH:0
end_of_record
TN:
SF:/root/isina/client/src/containers/CreateUser/index.js
FN:1,(anonymous_0)
FN:1,defineProperties
FN:1,(anonymous_2)
FN:14,_interopRequireDefault
FN:14,_classCallCheck
FN:14,_possibleConstructorReturn
FN:14,_inherits
FN:19,(anonymous_7)
FN:19,CreateUser
FN:20,(anonymous_9)
FN:26,update
FN:34,(anonymous_11)
FN:35,render
FNF:13
FNH:0
FNDA:0,(anonymous_0)
FNDA:0,defineProperties
FNDA:0,(anonymous_2)
FNDA:0,_interopRequireDefault
FNDA:0,_classCallCheck
FNDA:0,_possibleConstructorReturn
FNDA:0,_inherits
FNDA:0,(anonymous_7)
FNDA:0,CreateUser
FNDA:0,(anonymous_9)
FNDA:0,update
FNDA:0,(anonymous_11)
FNDA:0,render
DA:1,0
DA:2,0
DA:3,0
DA:4,0
DA:5,0
DA:7,0
DA:8,0
DA:9,0
DA:10,0
DA:12,0
DA:14,0
DA:19,0
DA:21,0
DA:23,0
DA:26,0
DA:27,0
DA:29,0
DA:31,0
DA:34,0
DA:35,0
DA:38,0
DA:40,0
DA:67,0
DA:71,0
DA:74,0
LF:25
LH:0
BRDA:1,0,0,0
BRDA:1,0,1,0
BRDA:1,1,0,0
BRDA:1,1,1,0
BRDA:1,2,0,0
BRDA:1,2,1,0
BRDA:1,3,0,0
BRDA:1,3,1,0
BRDA:14,4,0,0
BRDA:14,4,1,0
BRDA:14,5,0,0
BRDA:14,5,1,0
BRDA:14,6,0,0
BRDA:14,6,1,0
BRDA:14,7,0,0
BRDA:14,7,1,0
BRDA:14,8,0,0
BRDA:14,8,1,0
BRDA:14,9,0,0
BRDA:14,9,1,0
BRDA:14,9,2,0
BRDA:14,10,0,0
BRDA:14,10,1,0
BRDA:14,11,0,0
BRDA:14,11,1,0
BRDA:14,12,0,0
BRDA:14,12,1,0
BRDA:14,13,0,0
BRDA:14,13,1,0
BRDA:14,14,0,0
BRDA:14,14,1,0
BRDA:19,15,0,0
BRDA:19,15,1,0
BRF:33
BRH:0
end_of_record
TN:
SF:/root/isina/client/src/containers/CreateUser/validate.js
FN:1,validate
FNF:1
FNH:0
FNDA:0,validate
DA:1,0
DA:2,0
DA:4,0
DA:5,0
DA:8,0
DA:9,0
DA:12,0
DA:13,0
DA:16,0
DA:17,0
LF:10
LH:0
BRDA:4,0,0,0
BRDA:4,0,1,0
BRDA:8,1,0,0
BRDA:8,1,1,0
BRDA:12,2,0,0
BRDA:12,2,1,0
BRDA:12,3,0,0
BRDA:12,3,1,0
BRF:8
BRH:0
end_of_record
TN:
SF:/root/isina/client/src/containers/EditUser/index.js
FN:1,(anonymous_0)
FN:1,(anonymous_1)
FN:1,defineProperties
FN:1,(anonymous_3)
FN:19,_interopRequireDefault
FN:19,_classCallCheck
FN:19,_possibleConstructorReturn
FN:19,_inherits
FN:21,(anonymous_8)
FN:21,EditUser
FN:22,(anonymous_10)
FN:31,update
FN:34,(anonymous_12)
FN:40,(anonymous_13)
FN:41,render
FN:89,options
FN:94,props
FNF:17
FNH:0
FNDA:0,(anonymous_0)
FNDA:0,(anonymous_1)
FNDA:0,defineProperties
FNDA:0,(anonymous_3)
FNDA:0,_interopRequireDefault
FNDA:0,_classCallCheck
FNDA:0,_possibleConstructorReturn
FNDA:0,_inherits
FNDA:0,(anonymous_8)
FNDA:0,EditUser
FNDA:0,(anonymous_10)
FNDA:0,update
FNDA:0,(anonymous_12)
FNDA:0,(anonymous_13)
FNDA:0,render
FNDA:0,options
FNDA:0,props
DA:1,0
DA:2,0
DA:3,0
DA:4,0
DA:5,0
DA:7,0
DA:8,0
DA:9,0
DA:10,0
DA:13,0
DA:19,0
DA:21,0
DA:23,0
DA:25,0
DA:31,0
DA:32,0
DA:34,0
DA:35,0
DA:37,0
DA:40,0
DA:41,0
DA:44,0
DA:46,0
DA:73,0
DA:77,0
DA:81,0
DA:89,0
DA:94,0
LF:28
LH:0
BRDA:1,0,0,0
BRDA:1,0,1,0
BRDA:1,1,0,0
BRDA:1,1,1,0
BRDA:1,2,0,0
BRDA:1,2,1,0
BRDA:1,3,0,0
BRDA:1,3,1,0
BRDA:1,4,0,0
BRDA:1,4,1,0
BRDA:1,5,0,0
BRDA:1,5,1,0
BRDA:19,6,0,0
BRDA:19,6,1,0
BRDA:19,7,0,0
BRDA:19,7,1,0
BRDA:19,8,0,0
BRDA:19,8,1,0
BRDA:19,9,0,0
BRDA:19,9,1,0
BRDA:19,10,0,0
BRDA:19,10,1,0
BRDA:19,11,0,0
BRDA:19,11,1,0
BRDA:19,11,2,0
BRDA:19,12,0,0
BRDA:19,12,1,0
BRDA:19,13,0,0
BRDA:19,13,1,0
BRDA:19,14,0,0
BRDA:19,14,1,0
BRDA:19,15,0,0
BRDA:19,15,1,0
BRDA:19,16,0,0
BRDA:19,16,1,0
BRDA:21,17,0,0
BRDA:21,17,1,0
BRF:37
BRH:0
end_of_record
TN:
SF:/root/isina/client/src/containers/EditUser/validate.js
FN:1,validate
FNF:1
FNH:0
FNDA:0,validate
DA:1,0
DA:2,0
DA:4,0
DA:5,0
DA:8,0
DA:9,0
DA:12,0
DA:13,0
DA:16,0
DA:17,0
LF:10
LH:0
BRDA:4,0,0,0
BRDA:4,0,1,0
BRDA:8,1,0,0
BRDA:8,1,1,0
BRDA:12,2,0,0
BRDA:12,2,1,0
BRDA:12,3,0,0
BRDA:12,3,1,0
BRF:8
BRH:0
end_of_record
TN:
SF:/root/isina/client/src/containers/MainScreen/index.js
FN:1,(anonymous_0)
FN:1,defineProperties
FN:1,(anonymous_2)
FN:13,_interopRequireDefault
FN:13,_toConsumableArray
FN:13,_classCallCheck
FN:13,_possibleConstructorReturn
FN:13,_inherits
FN:19,(anonymous_8)
FN:19,MainScreen
FN:24,(anonymous_10)
FN:29,(anonymous_11)
FN:31,(anonymous_12)
FN:36,(anonymous_13)
FN:47,(anonymous_14)
FN:47,(anonymous_15)
FN:48,(anonymous_16)
FN:48,(anonymous_17)
FN:49,render
FN:76,(anonymous_19)
FNF:20
FNH:0
FNDA:0,(anonymous_0)
FNDA:0,defineProperties
FNDA:0,(anonymous_2)
FNDA:0,_interopRequireDefault
FNDA:0,_toConsumableArray
FNDA:0,_classCallCheck
FNDA:0,_possibleConstructorReturn
FNDA:0,_inherits
FNDA:0,(anonymous_8)
FNDA:0,MainScreen
FNDA:0,(anonymous_10)
FNDA:0,(anonymous_11)
FNDA:0,(anonymous_12)
FNDA:0,(anonymous_13)
FNDA:0,(anonymous_14)
FNDA:0,(anonymous_15)
FNDA:0,(anonymous_16)
FNDA:0,(anonymous_17)
FNDA:0,render
FNDA:0,(anonymous_19)
DA:1,0
DA:2,0
DA:3,0
DA:4,0
DA:5,0
DA:7,0
DA:8,0
DA:9,0
DA:10,0
DA:11,0
DA:13,0
DA:19,0
DA:25,0
DA:27,0
DA:29,0
DA:31,0
DA:37,0
DA:38,0
DA:40,0
DA:47,0
DA:48,0
DA:49,0
DA:51,0
DA:52,0
DA:53,0
DA:55,0
DA:56,0
DA:63,0
DA:76,0
DA:108,0
DA:111,0
DA:113,0
LF:32
LH:0
BRDA:1,0,0,0
BRDA:1,0,1,0
BRDA:1,1,0,0
BRDA:1,1,1,0
BRDA:1,2,0,0
BRDA:1,2,1,0
BRDA:1,3,0,0
BRDA:1,3,1,0
BRDA:13,4,0,0
BRDA:13,4,1,0
BRDA:13,5,0,0
BRDA:13,5,1,0
BRDA:13,6,0,0
BRDA:13,6,1,0
BRDA:13,7,0,0
BRDA:13,7,1,0
BRDA:13,8,0,0
BRDA:13,8,1,0
BRDA:13,9,0,0
BRDA:13,9,1,0
BRDA:13,10,0,0
BRDA:13,10,1,0
BRDA:13,10,2,0
BRDA:13,11,0,0
BRDA:13,11,1,0
BRDA:13,12,0,0
BRDA:13,12,1,0
BRDA:13,13,0,0
BRDA:13,13,1,0
BRDA:13,14,0,0
BRDA:13,14,1,0
BRDA:13,15,0,0
BRDA:13,15,1,0
BRDA:19,16,0,0
BRDA:19,16,1,0
BRDA:30,17,0,0
BRDA:30,17,1,0
BRDA:55,18,0,0
BRDA:55,18,1,0
BRDA:74,19,0,0
BRDA:74,19,1,0
BRF:41
BRH:0
end_of_record
TN:
SF:/root/isina/client/src/redux/configureStore.js
FN:2,_interopRequireDefault
FN:7,(anonymous_1)
FN:8,(anonymous_2)
FNF:3
FNH:0
FNDA:0,_interopRequireDefault
FNDA:0,(anonymous_1)
FNDA:0,(anonymous_2)
DA:1,0
DA:2,0
DA:4,0
DA:7,0
DA:8,0
LF:5
LH:0
BRDA:2,0,0,0
BRDA:2,0,1,0
BRDA:2,1,0,0
BRDA:2,1,1,0
BRDA:7,2,0,0
BRDA:7,2,1,0
BRDA:7,3,0,0
BRDA:7,3,1,0
BRDA:8,4,0,0
BRDA:8,4,1,0
BRF:10
BRH:0
end_of_record
TN:
SF:/root/isina/client/src/redux/reducer.js
FN:5,_interopRequireDefault
FNF:1
FNH:0
FNDA:0,_interopRequireDefault
DA:1,0
DA:2,0
DA:4,0
DA:5,0
DA:7,0
DA:10,0
LF:6
LH:0
BRDA:5,0,0,0
BRDA:5,0,1,0
BRDA:5,1,0,0
BRDA:5,1,1,0
BRF:4
BRH:0
end_of_record
TN:
SF:/root/isina/client/src/redux/apiError/actions.js
FNF:0
FNH:0
DA:1,0
DA:3,0
DA:4,0
LF:3
LH:0
BRF:0
BRH:0
end_of_record
TN:
SF:/root/isina/client/src/redux/apiError/reducer.js
FN:1,(anonymous_0)
FN:2,_interopRequireWildcard
FN:2,_objectWithoutProperties
FN:2,_defineProperty
FN:7,(anonymous_4)
FN:14,(anonymous_5)
FNF:6
FNH:0
FNDA:0,(anonymous_0)
FNDA:0,_interopRequireWildcard
FNDA:0,_objectWithoutProperties
FNDA:0,_defineProperty
FNDA:0,(anonymous_4)
FNDA:0,(anonymous_5)
DA:1,0
DA:2,0
DA:4,0
DA:6,0
DA:7,0
DA:15,0
DA:16,0
DA:21,0
LF:8
LH:0
BRDA:1,0,0,0
BRDA:1,0,1,0
BRDA:1,1,0,0
BRDA:1,1,1,0
BRDA:2,2,0,0
BRDA:2,2,1,0
BRDA:2,3,0,0
BRDA:2,3,1,0
BRDA:2,4,0,0
BRDA:2,4,1,0
BRDA:2,5,0,0
BRDA:2,5,1,0
BRDA:2,6,0,0
BRDA:2,6,1,0
BRDA:2,7,0,0
BRDA:2,7,1,0
BRDA:2,8,0,0
BRDA:2,8,1,0
BRF:18
BRH:0
end_of_record
TN:
SF:/root/isina/client/src/redux/apiError/selectors.js
FN:3,apiErrorSelector
FN:7,(anonymous_1)
FNF:2
FNH:0
FNDA:0,apiErrorSelector
FNDA:0,(anonymous_1)
DA:1,0
DA:3,0
DA:5,0
DA:7,0
LF:4
LH:0
BRDA:7,0,0,0
BRDA:7,0,1,0
BRF:2
BRH:0
end_of_record
TN:
SF:/root/isina/client/src/redux/networkError/actions.js
FNF:0
FNH:0
DA:1,0
DA:3,0
DA:4,0
LF:3
LH:0
BRF:0
BRH:0
end_of_record
TN:
SF:/root/isina/client/src/redux/networkError/reducer.js
FN:1,(anonymous_0)
FN:2,_interopRequireWildcard
FN:2,_objectWithoutProperties
FN:2,_defineProperty
FN:7,(anonymous_4)
FN:14,(anonymous_5)
FNF:6
FNH:0
FNDA:0,(anonymous_0)
FNDA:0,_interopRequireWildcard
FNDA:0,_objectWithoutProperties
FNDA:0,_defineProperty
FNDA:0,(anonymous_4)
FNDA:0,(anonymous_5)
DA:1,0
DA:2,0
DA:4,0
DA:6,0
DA:7,0
DA:15,0
DA:16,0
DA:21,0
LF:8
LH:0
BRDA:1,0,0,0
BRDA:1,0,1,0
BRDA:1,1,0,0
BRDA:1,1,1,0
BRDA:2,2,0,0
BRDA:2,2,1,0
BRDA:2,3,0,0
BRDA:2,3,1,0
BRDA:2,4,0,0
BRDA:2,4,1,0
BRDA:2,5,0,0
BRDA:2,5,1,0
BRDA:2,6,0,0
BRDA:2,6,1,0
BRDA:2,7,0,0
BRDA:2,7,1,0
BRDA:2,8,0,0
BRDA:2,8,1,0
BRF:18
BRH:0
end_of_record
TN:
SF:/root/isina/client/src/redux/networkError/selectors.js
FN:3,networkErrorSelector
FN:7,(anonymous_1)
FNF:2
FNH:0
FNDA:0,networkErrorSelector
FNDA:0,(anonymous_1)
DA:1,0
DA:3,0
DA:5,0
DA:7,0
LF:4
LH:0
BRDA:7,0,0,0
BRDA:7,0,1,0
BRF:2
BRH:0
end_of_record
TN:
SF:/root/isina/client/src/utils/theme.js
FNF:0
FNH:0
DA:1,1
LF:1
LH:1
BRF:0
BRH:0
end_of_record
